{"/Users/nicolas/Documents/PROJET/nativescript/DlearnHelsinki/src/App.js": {"path":"/Users/nicolas/Documents/PROJET/nativescript/DlearnHelsinki/src/App.js","statementMap":{"0":{"start":{"line":26,"column":2},"end":{"line":56,"column":4}}},"fnMap":{"0":{"name":"(anonymous_0)","decl":{"start":{"line":24,"column":1},"end":{"line":24,"column":2}},"loc":{"start":{"line":24,"column":10},"end":{"line":57,"column":2}},"line":24}},"branchMap":{},"s":{"0":1},"f":{"0":1},"b":{},"_coverageSchema":"332fd63041d2c1bcb487cc26dd0d5f7d97098a6c","hash":"f05cbdd2d6dc7366be05f74afaff72b7dc5bc8c3"}
,"/Users/nicolas/Documents/PROJET/nativescript/DlearnHelsinki/src/index.js": {"path":"/Users/nicolas/Documents/PROJET/nativescript/DlearnHelsinki/src/index.js","statementMap":{"0":{"start":{"line":1,"column":32},"end":{"line":1,"column":106}},"1":{"start":{"line":1,"column":120},"end":{"line":1,"column":136}},"2":{"start":{"line":1,"column":151},"end":{"line":1,"column":181}},"3":{"start":{"line":2,"column":16},"end":{"line":2,"column":36}},"4":{"start":{"line":2,"column":54},"end":{"line":2,"column":87}},"5":{"start":{"line":3,"column":22},"end":{"line":3,"column":49}},"6":{"start":{"line":4,"column":18},"end":{"line":4,"column":40}},"7":{"start":{"line":5,"column":11},"end":{"line":5,"column":27}},"8":{"start":{"line":5,"column":40},"end":{"line":5,"column":68}},"9":{"start":{"line":6,"column":29},"end":{"line":6,"column":63}},"10":{"start":{"line":6,"column":94},"end":{"line":6,"column":140}},"11":{"start":{"line":7,"column":13},"end":{"line":7,"column":31}},"12":{"start":{"line":7,"column":46},"end":{"line":7,"column":76}},"13":{"start":{"line":7,"column":115},"end":{"line":7,"column":169}},"14":{"start":{"line":9,"column":0},"end":{"line":15,"column":33}},"15":{"start":{"line":17,"column":0},"end":{"line":17,"column":39}}},"fnMap":{"0":{"name":"_interopRequireDefault","decl":{"start":{"line":7,"column":86},"end":{"line":7,"column":108}},"loc":{"start":{"line":7,"column":114},"end":{"line":7,"column":170}},"line":7}},"branchMap":{"0":{"loc":{"start":{"line":7,"column":122},"end":{"line":7,"column":168}},"type":"cond-expr","locations":[{"start":{"line":7,"column":146},"end":{"line":7,"column":149}},{"start":{"line":7,"column":152},"end":{"line":7,"column":168}}],"line":7},"1":{"loc":{"start":{"line":7,"column":122},"end":{"line":7,"column":143}},"type":"binary-expr","locations":[{"start":{"line":7,"column":122},"end":{"line":7,"column":125}},{"start":{"line":7,"column":129},"end":{"line":7,"column":143}}],"line":7}},"s":{"0":0,"1":0,"2":0,"3":0,"4":0,"5":0,"6":0,"7":0,"8":0,"9":0,"10":0,"11":0,"12":0,"13":0,"14":0,"15":0},"f":{"0":0},"b":{"0":[0,0],"1":[0,0]}}
,"/Users/nicolas/Documents/PROJET/nativescript/DlearnHelsinki/src/registerServiceWorker.js": {"path":"/Users/nicolas/Documents/PROJET/nativescript/DlearnHelsinki/src/registerServiceWorker.js","statementMap":{"0":{"start":{"line":1,"column":13},"end":{"line":1,"column":75}},"1":{"start":{"line":1,"column":75},"end":{"line":21,"column":9}},"2":{"start":{"line":21,"column":9},"end":{"line":102,"column":24}},"3":{"start":{"line":109,"column":20},"end":{"line":111,"column":89}},"4":{"start":{"line":111,"column":111},"end":{"line":117,"column":44}},"5":{"start":{"line":112,"column":22},"end":{"line":112,"column":70}},"6":{"start":{"line":112,"column":71},"end":{"line":115,"column":14}},"7":{"start":{"line":115,"column":6},"end":{"line":115,"column":13}},"8":{"start":{"line":115,"column":14},"end":{"line":117,"column":43}},"9":{"start":{"line":115,"column":67},"end":{"line":115,"column":112}},"10":{"start":{"line":115,"column":113},"end":{"line":117,"column":40}},"11":{"start":{"line":116,"column":8},"end":{"line":116,"column":31}},"12":{"start":{"line":117,"column":8},"end":{"line":117,"column":39}},"13":{"start":{"line":117,"column":78},"end":{"line":124,"column":156}},"14":{"start":{"line":117,"column":140},"end":{"line":124,"column":68}},"15":{"start":{"line":117,"column":201},"end":{"line":117,"column":224}},"16":{"start":{"line":117,"column":225},"end":{"line":124,"column":66}},"17":{"start":{"line":117,"column":265},"end":{"line":124,"column":64}},"18":{"start":{"line":117,"column":310},"end":{"line":124,"column":63}},"19":{"start":{"line":121,"column":12},"end":{"line":121,"column":69}},"20":{"start":{"line":124,"column":12},"end":{"line":124,"column":62}},"21":{"start":{"line":124,"column":87},"end":{"line":124,"column":153}},"22":{"start":{"line":125,"column":2},"end":{"line":128,"column":126}},"23":{"start":{"line":126,"column":4},"end":{"line":128,"column":30}},"24":{"start":{"line":127,"column":6},"end":{"line":127,"column":127}},"25":{"start":{"line":127,"column":58},"end":{"line":127,"column":124}},"26":{"start":{"line":127,"column":96},"end":{"line":127,"column":121}},"27":{"start":{"line":128,"column":6},"end":{"line":128,"column":29}},"28":{"start":{"line":128,"column":46},"end":{"line":128,"column":123}},"29":{"start":{"line":128,"column":150},"end":{"line":128,"column":267}},"30":{"start":{"line":128,"column":185},"end":{"line":128,"column":266}},"31":{"start":{"line":128,"column":237},"end":{"line":128,"column":263}}},"fnMap":{"0":{"name":"register","decl":{"start":{"line":111,"column":99},"end":{"line":111,"column":107}},"loc":{"start":{"line":111,"column":110},"end":{"line":117,"column":45}},"line":111},"1":{"name":"(anonymous_1)","decl":{"start":{"line":115,"column":46},"end":{"line":115,"column":47}},"loc":{"start":{"line":115,"column":52},"end":{"line":117,"column":41}},"line":115},"2":{"name":"registerValidSW","decl":{"start":{"line":117,"column":54},"end":{"line":117,"column":69}},"loc":{"start":{"line":117,"column":77},"end":{"line":124,"column":157}},"line":117},"3":{"name":"(anonymous_3)","decl":{"start":{"line":117,"column":123},"end":{"line":117,"column":124}},"loc":{"start":{"line":117,"column":139},"end":{"line":124,"column":69}},"line":117},"4":{"name":"(anonymous_4)","decl":{"start":{"line":117,"column":169},"end":{"line":117,"column":170}},"loc":{"start":{"line":117,"column":175},"end":{"line":124,"column":67}},"line":117},"5":{"name":"(anonymous_5)","decl":{"start":{"line":117,"column":258},"end":{"line":117,"column":259}},"loc":{"start":{"line":117,"column":264},"end":{"line":124,"column":65}},"line":117},"6":{"name":"(anonymous_6)","decl":{"start":{"line":124,"column":77},"end":{"line":124,"column":78}},"loc":{"start":{"line":124,"column":86},"end":{"line":124,"column":154}},"line":124},"7":{"name":"checkValidServiceWorker","decl":{"start":{"line":124,"column":166},"end":{"line":124,"column":189}},"loc":{"start":{"line":124,"column":197},"end":{"line":128,"column":127}},"line":124},"8":{"name":"(anonymous_8)","decl":{"start":{"line":125,"column":20},"end":{"line":125,"column":21}},"loc":{"start":{"line":125,"column":32},"end":{"line":128,"column":31}},"line":125},"9":{"name":"(anonymous_9)","decl":{"start":{"line":127,"column":41},"end":{"line":127,"column":42}},"loc":{"start":{"line":127,"column":57},"end":{"line":127,"column":125}},"line":127},"10":{"name":"(anonymous_10)","decl":{"start":{"line":127,"column":89},"end":{"line":127,"column":90}},"loc":{"start":{"line":127,"column":95},"end":{"line":127,"column":122}},"line":127},"11":{"name":"(anonymous_11)","decl":{"start":{"line":128,"column":39},"end":{"line":128,"column":40}},"loc":{"start":{"line":128,"column":45},"end":{"line":128,"column":124}},"line":128},"12":{"name":"unregister","decl":{"start":{"line":128,"column":136},"end":{"line":128,"column":146}},"loc":{"start":{"line":128,"column":149},"end":{"line":128,"column":268}},"line":128},"13":{"name":"(anonymous_13)","decl":{"start":{"line":128,"column":220},"end":{"line":128,"column":221}},"loc":{"start":{"line":128,"column":236},"end":{"line":128,"column":264}},"line":128}},"branchMap":{"0":{"loc":{"start":{"line":109,"column":28},"end":{"line":111,"column":88}},"type":"binary-expr","locations":[{"start":{"line":109,"column":28},"end":{"line":109,"column":68}},{"start":{"line":110,"column":0},"end":{"line":110,"column":36}},{"start":{"line":111,"column":0},"end":{"line":111,"column":88}}],"line":109},"1":{"loc":{"start":{"line":111,"column":111},"end":{"line":117,"column":44}},"type":"if","locations":[{"start":{"line":111,"column":111},"end":{"line":117,"column":44}},{"start":{"line":111,"column":111},"end":{"line":117,"column":44}}],"line":111},"2":{"loc":{"start":{"line":111,"column":115},"end":{"line":111,"column":184}},"type":"binary-expr","locations":[{"start":{"line":111,"column":115},"end":{"line":111,"column":152}},{"start":{"line":111,"column":156},"end":{"line":111,"column":184}}],"line":111},"3":{"loc":{"start":{"line":112,"column":71},"end":{"line":115,"column":14}},"type":"if","locations":[{"start":{"line":112,"column":71},"end":{"line":115,"column":14}},{"start":{"line":112,"column":71},"end":{"line":115,"column":14}}],"line":112},"4":{"loc":{"start":{"line":115,"column":113},"end":{"line":117,"column":40}},"type":"if","locations":[{"start":{"line":115,"column":113},"end":{"line":117,"column":40}},{"start":{"line":115,"column":113},"end":{"line":117,"column":40}}],"line":115},"5":{"loc":{"start":{"line":117,"column":265},"end":{"line":124,"column":64}},"type":"if","locations":[{"start":{"line":117,"column":265},"end":{"line":124,"column":64}},{"start":{"line":117,"column":265},"end":{"line":124,"column":64}}],"line":117},"6":{"loc":{"start":{"line":117,"column":310},"end":{"line":124,"column":63}},"type":"if","locations":[{"start":{"line":117,"column":310},"end":{"line":124,"column":63}},{"start":{"line":117,"column":310},"end":{"line":124,"column":63}}],"line":117},"7":{"loc":{"start":{"line":126,"column":4},"end":{"line":128,"column":30}},"type":"if","locations":[{"start":{"line":126,"column":4},"end":{"line":128,"column":30}},{"start":{"line":126,"column":4},"end":{"line":128,"column":30}}],"line":126},"8":{"loc":{"start":{"line":126,"column":8},"end":{"line":126,"column":100}},"type":"binary-expr","locations":[{"start":{"line":126,"column":8},"end":{"line":126,"column":31}},{"start":{"line":126,"column":35},"end":{"line":126,"column":100}}],"line":126},"9":{"loc":{"start":{"line":128,"column":150},"end":{"line":128,"column":267}},"type":"if","locations":[{"start":{"line":128,"column":150},"end":{"line":128,"column":267}},{"start":{"line":128,"column":150},"end":{"line":128,"column":267}}],"line":128}},"s":{"0":0,"1":0,"2":0,"3":0,"4":0,"5":0,"6":0,"7":0,"8":0,"9":0,"10":0,"11":0,"12":0,"13":0,"14":0,"15":0,"16":0,"17":0,"18":0,"19":0,"20":0,"21":0,"22":0,"23":0,"24":0,"25":0,"26":0,"27":0,"28":0,"29":0,"30":0,"31":0},"f":{"0":0,"1":0,"2":0,"3":0,"4":0,"5":0,"6":0,"7":0,"8":0,"9":0,"10":0,"11":0,"12":0,"13":0},"b":{"0":[0,0,0],"1":[0,0],"2":[0,0],"3":[0,0],"4":[0,0],"5":[0,0],"6":[0,0],"7":[0,0],"8":[0,0],"9":[0,0]}}
,"/Users/nicolas/Documents/PROJET/nativescript/DlearnHelsinki/src/store.js": {"path":"/Users/nicolas/Documents/PROJET/nativescript/DlearnHelsinki/src/store.js","statementMap":{"0":{"start":{"line":1,"column":13},"end":{"line":1,"column":75}},"1":{"start":{"line":1,"column":88},"end":{"line":1,"column":104}},"2":{"start":{"line":3,"column":19},"end":{"line":3,"column":42}},"3":{"start":{"line":3,"column":63},"end":{"line":3,"column":99}},"4":{"start":{"line":4,"column":18},"end":{"line":4,"column":40}},"5":{"start":{"line":4,"column":60},"end":{"line":4,"column":95}},"6":{"start":{"line":5,"column":30},"end":{"line":5,"column":65}},"7":{"start":{"line":5,"column":97},"end":{"line":5,"column":144}},"8":{"start":{"line":7,"column":16},"end":{"line":7,"column":37}},"9":{"start":{"line":7,"column":55},"end":{"line":7,"column":88}},"10":{"start":{"line":7,"column":127},"end":{"line":7,"column":181}},"11":{"start":{"line":9,"column":19},"end":{"line":9,"column":132}},"12":{"start":{"line":9,"column":133},"end":{"line":11,"column":56}}},"fnMap":{"0":{"name":"_interopRequireDefault","decl":{"start":{"line":7,"column":98},"end":{"line":7,"column":120}},"loc":{"start":{"line":7,"column":126},"end":{"line":7,"column":182}},"line":7}},"branchMap":{"0":{"loc":{"start":{"line":7,"column":134},"end":{"line":7,"column":180}},"type":"cond-expr","locations":[{"start":{"line":7,"column":158},"end":{"line":7,"column":161}},{"start":{"line":7,"column":164},"end":{"line":7,"column":180}}],"line":7},"1":{"loc":{"start":{"line":7,"column":134},"end":{"line":7,"column":155}},"type":"binary-expr","locations":[{"start":{"line":7,"column":134},"end":{"line":7,"column":137}},{"start":{"line":7,"column":141},"end":{"line":7,"column":155}}],"line":7}},"s":{"0":0,"1":0,"2":0,"3":0,"4":0,"5":0,"6":0,"7":0,"8":0,"9":0,"10":0,"11":0,"12":0},"f":{"0":0},"b":{"0":[0,0],"1":[0,0]}}
,"/Users/nicolas/Documents/PROJET/nativescript/DlearnHelsinki/src/actions/classActions.js": {"path":"/Users/nicolas/Documents/PROJET/nativescript/DlearnHelsinki/src/actions/classActions.js","statementMap":{"0":{"start":{"line":1,"column":13},"end":{"line":1,"column":75}},"1":{"start":{"line":1,"column":75},"end":{"line":1,"column":111}},"2":{"start":{"line":2,"column":2},"end":{"line":10,"column":38}}},"fnMap":{"0":{"name":"fetchClasses","decl":{"start":{"line":1,"column":120},"end":{"line":1,"column":132}},"loc":{"start":{"line":1,"column":135},"end":{"line":16,"column":1}},"line":1}},"branchMap":{},"s":{"0":0,"1":0,"2":0},"f":{"0":0},"b":{}}
,"/Users/nicolas/Documents/PROJET/nativescript/DlearnHelsinki/src/actions/groupActions.js": {"path":"/Users/nicolas/Documents/PROJET/nativescript/DlearnHelsinki/src/actions/groupActions.js","statementMap":{"0":{"start":{"line":1,"column":13},"end":{"line":1,"column":75}},"1":{"start":{"line":1,"column":75},"end":{"line":1,"column":109}},"2":{"start":{"line":2,"column":2},"end":{"line":10,"column":44}}},"fnMap":{"0":{"name":"fetchGroups","decl":{"start":{"line":1,"column":118},"end":{"line":1,"column":129}},"loc":{"start":{"line":1,"column":132},"end":{"line":16,"column":1}},"line":1}},"branchMap":{},"s":{"0":0,"1":0,"2":0},"f":{"0":0},"b":{}}
,"/Users/nicolas/Documents/PROJET/nativescript/DlearnHelsinki/src/actions/settingsActions.js": {"path":"/Users/nicolas/Documents/PROJET/nativescript/DlearnHelsinki/src/actions/settingsActions.js","statementMap":{"0":{"start":{"line":1,"column":13},"end":{"line":1,"column":75}},"1":{"start":{"line":1,"column":75},"end":{"line":1,"column":107}},"2":{"start":{"line":2,"column":2},"end":{"line":4,"column":19}}},"fnMap":{"0":{"name":"setBaseURL","decl":{"start":{"line":1,"column":116},"end":{"line":1,"column":126}},"loc":{"start":{"line":1,"column":132},"end":{"line":6,"column":1}},"line":1}},"branchMap":{},"s":{"0":0,"1":0,"2":0},"f":{"0":0},"b":{}}
,"/Users/nicolas/Documents/PROJET/nativescript/DlearnHelsinki/src/actions/studentActions.js": {"path":"/Users/nicolas/Documents/PROJET/nativescript/DlearnHelsinki/src/actions/studentActions.js","statementMap":{"0":{"start":{"line":1,"column":13},"end":{"line":1,"column":75}},"1":{"start":{"line":1,"column":75},"end":{"line":1,"column":107}},"2":{"start":{"line":2,"column":2},"end":{"line":4,"column":23}}},"fnMap":{"0":{"name":"addStudent","decl":{"start":{"line":1,"column":116},"end":{"line":1,"column":126}},"loc":{"start":{"line":1,"column":136},"end":{"line":6,"column":1}},"line":1}},"branchMap":{},"s":{"0":0,"1":0,"2":0},"f":{"0":0},"b":{}}
,"/Users/nicolas/Documents/PROJET/nativescript/DlearnHelsinki/src/actions/userActions.js": {"path":"/Users/nicolas/Documents/PROJET/nativescript/DlearnHelsinki/src/actions/userActions.js","statementMap":{"0":{"start":{"line":2,"column":2},"end":{"line":5,"column":3}},"1":{"start":{"line":9,"column":2},"end":{"line":12,"column":3}},"2":{"start":{"line":16,"column":2},"end":{"line":19,"column":3}},"3":{"start":{"line":23,"column":2},"end":{"line":26,"column":3}},"4":{"start":{"line":30,"column":2},"end":{"line":33,"column":3}}},"fnMap":{"0":{"name":"setUserId","decl":{"start":{"line":1,"column":16},"end":{"line":1,"column":25}},"loc":{"start":{"line":1,"column":30},"end":{"line":6,"column":1}},"line":1},"1":{"name":"setUserName","decl":{"start":{"line":8,"column":16},"end":{"line":8,"column":27}},"loc":{"start":{"line":8,"column":34},"end":{"line":13,"column":1}},"line":8},"2":{"name":"setUserType","decl":{"start":{"line":15,"column":16},"end":{"line":15,"column":27}},"loc":{"start":{"line":15,"column":34},"end":{"line":20,"column":1}},"line":15},"3":{"name":"setUserLogin","decl":{"start":{"line":22,"column":16},"end":{"line":22,"column":28}},"loc":{"start":{"line":22,"column":36},"end":{"line":27,"column":1}},"line":22},"4":{"name":"setUserHash","decl":{"start":{"line":29,"column":16},"end":{"line":29,"column":27}},"loc":{"start":{"line":29,"column":34},"end":{"line":34,"column":1}},"line":29}},"branchMap":{},"s":{"0":0,"1":0,"2":0,"3":0,"4":0},"f":{"0":0,"1":0,"2":0,"3":0,"4":0},"b":{},"_coverageSchema":"332fd63041d2c1bcb487cc26dd0d5f7d97098a6c","hash":"cff5fca5ec6af9eed2aaf98e76997457078b02ac"}
,"/Users/nicolas/Documents/PROJET/nativescript/DlearnHelsinki/src/components/Footer.js": {"path":"/Users/nicolas/Documents/PROJET/nativescript/DlearnHelsinki/src/components/Footer.js","statementMap":{"0":{"start":{"line":8,"column":4},"end":{"line":23,"column":6}}},"fnMap":{"0":{"name":"(anonymous_0)","decl":{"start":{"line":6,"column":2},"end":{"line":6,"column":3}},"loc":{"start":{"line":6,"column":11},"end":{"line":24,"column":3}},"line":6}},"branchMap":{},"s":{"0":1},"f":{"0":1},"b":{},"_coverageSchema":"332fd63041d2c1bcb487cc26dd0d5f7d97098a6c","hash":"7439efe5b0924662c5ef23caa78d090b1d9ff4a0"}
,"/Users/nicolas/Documents/PROJET/nativescript/DlearnHelsinki/src/components/Header.js": {"path":"/Users/nicolas/Documents/PROJET/nativescript/DlearnHelsinki/src/components/Header.js","statementMap":{"0":{"start":{"line":7,"column":4},"end":{"line":42,"column":6}}},"fnMap":{"0":{"name":"(anonymous_0)","decl":{"start":{"line":6,"column":2},"end":{"line":6,"column":3}},"loc":{"start":{"line":6,"column":11},"end":{"line":43,"column":3}},"line":6}},"branchMap":{},"s":{"0":1},"f":{"0":1},"b":{},"_coverageSchema":"332fd63041d2c1bcb487cc26dd0d5f7d97098a6c","hash":"19ca9853ec6023cd767d12d07c946070392a898f"}
,"/Users/nicolas/Documents/PROJET/nativescript/DlearnHelsinki/src/components/shared/GraphRenderer.js": {"path":"/Users/nicolas/Documents/PROJET/nativescript/DlearnHelsinki/src/components/shared/GraphRenderer.js","statementMap":{"0":{"start":{"line":4,"column":20},"end":{"line":6,"column":1}},"1":{"start":{"line":9,"column":15},"end":{"line":9,"column":69}},"2":{"start":{"line":10,"column":17},"end":{"line":10,"column":19}},"3":{"start":{"line":12,"column":13},"end":{"line":12,"column":15}},"4":{"start":{"line":17,"column":8},"end":{"line":17,"column":21}},"5":{"start":{"line":18,"column":8},"end":{"line":18,"column":20}},"6":{"start":{"line":19,"column":8},"end":{"line":21,"column":9}},"7":{"start":{"line":25,"column":16},"end":{"line":25,"column":18}},"8":{"start":{"line":29,"column":8},"end":{"line":29,"column":47}},"9":{"start":{"line":31,"column":8},"end":{"line":31,"column":23}},"10":{"start":{"line":35,"column":8},"end":{"line":35,"column":41}},"11":{"start":{"line":36,"column":8},"end":{"line":53,"column":4}},"12":{"start":{"line":43,"column":12},"end":{"line":49,"column":13}},"13":{"start":{"line":44,"column":16},"end":{"line":46,"column":7}},"14":{"start":{"line":45,"column":36},"end":{"line":45,"column":50}},"15":{"start":{"line":48,"column":2},"end":{"line":48,"column":46}},"16":{"start":{"line":52,"column":12},"end":{"line":52,"column":29}},"17":{"start":{"line":57,"column":8},"end":{"line":57,"column":32}},"18":{"start":{"line":58,"column":8},"end":{"line":58,"column":29}},"19":{"start":{"line":63,"column":20},"end":{"line":63,"column":24}},"20":{"start":{"line":65,"column":27},"end":{"line":65,"column":29}},"21":{"start":{"line":66,"column":8},"end":{"line":72,"column":15}},"22":{"start":{"line":74,"column":8},"end":{"line":74,"column":48}},"23":{"start":{"line":78,"column":20},"end":{"line":78,"column":24}},"24":{"start":{"line":79,"column":8},"end":{"line":79,"column":40}},"25":{"start":{"line":80,"column":27},"end":{"line":80,"column":29}},"26":{"start":{"line":81,"column":8},"end":{"line":90,"column":11}},"27":{"start":{"line":82,"column":12},"end":{"line":82,"column":53}},"28":{"start":{"line":83,"column":12},"end":{"line":89,"column":40}},"29":{"start":{"line":92,"column":8},"end":{"line":92,"column":34}},"30":{"start":{"line":93,"column":8},"end":{"line":93,"column":48}},"31":{"start":{"line":97,"column":20},"end":{"line":97,"column":24}},"32":{"start":{"line":98,"column":27},"end":{"line":98,"column":29}},"33":{"start":{"line":100,"column":8},"end":{"line":112,"column":11}},"34":{"start":{"line":101,"column":12},"end":{"line":111,"column":15}},"35":{"start":{"line":102,"column":33},"end":{"line":108,"column":17}},"36":{"start":{"line":109,"column":16},"end":{"line":109,"column":135}},"37":{"start":{"line":110,"column":16},"end":{"line":110,"column":40}},"38":{"start":{"line":114,"column":8},"end":{"line":114,"column":48}},"39":{"start":{"line":121,"column":8},"end":{"line":132,"column":10}}},"fnMap":{"0":{"name":"(anonymous_0)","decl":{"start":{"line":16,"column":4},"end":{"line":16,"column":5}},"loc":{"start":{"line":16,"column":23},"end":{"line":22,"column":5}},"line":16},"1":{"name":"(anonymous_1)","decl":{"start":{"line":24,"column":23},"end":{"line":24,"column":24}},"loc":{"start":{"line":24,"column":34},"end":{"line":32,"column":5}},"line":24},"2":{"name":"(anonymous_2)","decl":{"start":{"line":34,"column":20},"end":{"line":34,"column":21}},"loc":{"start":{"line":34,"column":31},"end":{"line":54,"column":5}},"line":34},"3":{"name":"(anonymous_3)","decl":{"start":{"line":42,"column":16},"end":{"line":42,"column":17}},"loc":{"start":{"line":42,"column":35},"end":{"line":50,"column":9}},"line":42},"4":{"name":"(anonymous_4)","decl":{"start":{"line":44,"column":37},"end":{"line":44,"column":38}},"loc":{"start":{"line":44,"column":45},"end":{"line":46,"column":5}},"line":44},"5":{"name":"(anonymous_5)","decl":{"start":{"line":50,"column":17},"end":{"line":50,"column":18}},"loc":{"start":{"line":50,"column":32},"end":{"line":53,"column":2}},"line":50},"6":{"name":"(anonymous_6)","decl":{"start":{"line":56,"column":4},"end":{"line":56,"column":5}},"loc":{"start":{"line":56,"column":24},"end":{"line":59,"column":5}},"line":56},"7":{"name":"(anonymous_7)","decl":{"start":{"line":62,"column":22},"end":{"line":62,"column":23}},"loc":{"start":{"line":62,"column":33},"end":{"line":75,"column":5}},"line":62},"8":{"name":"(anonymous_8)","decl":{"start":{"line":77,"column":23},"end":{"line":77,"column":24}},"loc":{"start":{"line":77,"column":35},"end":{"line":94,"column":5}},"line":77},"9":{"name":"(anonymous_9)","decl":{"start":{"line":81,"column":23},"end":{"line":81,"column":24}},"loc":{"start":{"line":81,"column":36},"end":{"line":90,"column":9}},"line":81},"10":{"name":"(anonymous_10)","decl":{"start":{"line":96,"column":25},"end":{"line":96,"column":26}},"loc":{"start":{"line":96,"column":37},"end":{"line":115,"column":5}},"line":96},"11":{"name":"(anonymous_11)","decl":{"start":{"line":100,"column":23},"end":{"line":100,"column":24}},"loc":{"start":{"line":100,"column":36},"end":{"line":112,"column":9}},"line":100},"12":{"name":"(anonymous_12)","decl":{"start":{"line":101,"column":31},"end":{"line":101,"column":32}},"loc":{"start":{"line":101,"column":44},"end":{"line":111,"column":13}},"line":101},"13":{"name":"(anonymous_13)","decl":{"start":{"line":119,"column":4},"end":{"line":119,"column":5}},"loc":{"start":{"line":119,"column":13},"end":{"line":133,"column":5}},"line":119}},"branchMap":{"0":{"loc":{"start":{"line":43,"column":12},"end":{"line":49,"column":13}},"type":"if","locations":[{"start":{"line":43,"column":12},"end":{"line":49,"column":13}},{"start":{"line":43,"column":12},"end":{"line":49,"column":13}}],"line":43}},"s":{"0":1,"1":1,"2":1,"3":1,"4":0,"5":0,"6":0,"7":0,"8":0,"9":0,"10":0,"11":0,"12":0,"13":0,"14":0,"15":0,"16":0,"17":0,"18":0,"19":0,"20":0,"21":0,"22":0,"23":0,"24":0,"25":0,"26":0,"27":0,"28":0,"29":0,"30":0,"31":0,"32":0,"33":0,"34":0,"35":0,"36":0,"37":0,"38":0,"39":0},"f":{"0":0,"1":0,"2":0,"3":0,"4":0,"5":0,"6":0,"7":0,"8":0,"9":0,"10":0,"11":0,"12":0,"13":0},"b":{"0":[0,0]},"_coverageSchema":"332fd63041d2c1bcb487cc26dd0d5f7d97098a6c","hash":"42a5f41bc2b641857f0003086d4a772efa6ff61b"}
,"/Users/nicolas/Documents/PROJET/nativescript/DlearnHelsinki/src/components/shared/HistoryDisplay.js": {"path":"/Users/nicolas/Documents/PROJET/nativescript/DlearnHelsinki/src/components/shared/HistoryDisplay.js","statementMap":{"0":{"start":{"line":3,"column":20},"end":{"line":5,"column":1}},"1":{"start":{"line":7,"column":12},"end":{"line":7,"column":16}},"2":{"start":{"line":11,"column":8},"end":{"line":11,"column":21}},"3":{"start":{"line":13,"column":8},"end":{"line":13,"column":21}},"4":{"start":{"line":15,"column":8},"end":{"line":17,"column":9}},"5":{"start":{"line":21,"column":8},"end":{"line":26,"column":9}},"6":{"start":{"line":22,"column":12},"end":{"line":25,"column":15}},"7":{"start":{"line":31,"column":8},"end":{"line":31,"column":41}},"8":{"start":{"line":35,"column":28},"end":{"line":35,"column":30}},"9":{"start":{"line":36,"column":16},"end":{"line":36,"column":17}},"10":{"start":{"line":37,"column":8},"end":{"line":46,"column":11}},"11":{"start":{"line":38,"column":12},"end":{"line":45,"column":13}},"12":{"start":{"line":39,"column":16},"end":{"line":43,"column":26}},"13":{"start":{"line":44,"column":16},"end":{"line":44,"column":26}},"14":{"start":{"line":48,"column":8},"end":{"line":52,"column":9}}},"fnMap":{"0":{"name":"(anonymous_0)","decl":{"start":{"line":10,"column":4},"end":{"line":10,"column":5}},"loc":{"start":{"line":10,"column":23},"end":{"line":18,"column":5}},"line":10},"1":{"name":"(anonymous_1)","decl":{"start":{"line":20,"column":4},"end":{"line":20,"column":5}},"loc":{"start":{"line":20,"column":41},"end":{"line":27,"column":5}},"line":20},"2":{"name":"(anonymous_2)","decl":{"start":{"line":29,"column":20},"end":{"line":29,"column":21}},"loc":{"start":{"line":29,"column":40},"end":{"line":32,"column":5}},"line":29},"3":{"name":"(anonymous_3)","decl":{"start":{"line":34,"column":4},"end":{"line":34,"column":5}},"loc":{"start":{"line":34,"column":13},"end":{"line":53,"column":5}},"line":34},"4":{"name":"(anonymous_4)","decl":{"start":{"line":37,"column":38},"end":{"line":37,"column":39}},"loc":{"start":{"line":37,"column":56},"end":{"line":46,"column":9}},"line":37}},"branchMap":{"0":{"loc":{"start":{"line":21,"column":8},"end":{"line":26,"column":9}},"type":"if","locations":[{"start":{"line":21,"column":8},"end":{"line":26,"column":9}},{"start":{"line":21,"column":8},"end":{"line":26,"column":9}}],"line":21},"1":{"loc":{"start":{"line":38,"column":12},"end":{"line":45,"column":13}},"type":"if","locations":[{"start":{"line":38,"column":12},"end":{"line":45,"column":13}},{"start":{"line":38,"column":12},"end":{"line":45,"column":13}}],"line":38}},"s":{"0":1,"1":1,"2":0,"3":0,"4":0,"5":0,"6":0,"7":0,"8":0,"9":0,"10":0,"11":0,"12":0,"13":0,"14":0},"f":{"0":0,"1":0,"2":0,"3":0,"4":0},"b":{"0":[0,0],"1":[0,0]},"_coverageSchema":"332fd63041d2c1bcb487cc26dd0d5f7d97098a6c","hash":"6a52e5b1142c6bbf1570ccdeca2dbd7086e30cfa"}
,"/Users/nicolas/Documents/PROJET/nativescript/DlearnHelsinki/src/components/shared/HistoryFinder.js": {"path":"/Users/nicolas/Documents/PROJET/nativescript/DlearnHelsinki/src/components/shared/HistoryFinder.js","statementMap":{"0":{"start":{"line":13,"column":16},"end":{"line":15,"column":1}},"1":{"start":{"line":17,"column":17},"end":{"line":21,"column":1}},"2":{"start":{"line":26,"column":25},"end":{"line":26,"column":29}},"3":{"start":{"line":27,"column":23},"end":{"line":27,"column":27}},"4":{"start":{"line":28,"column":8},"end":{"line":28,"column":21}},"5":{"start":{"line":29,"column":8},"end":{"line":29,"column":55}},"6":{"start":{"line":30,"column":8},"end":{"line":30,"column":51}},"7":{"start":{"line":34,"column":20},"end":{"line":34,"column":52}},"8":{"start":{"line":35,"column":8},"end":{"line":35,"column":35}},"9":{"start":{"line":39,"column":8},"end":{"line":39,"column":26}},"10":{"start":{"line":43,"column":8},"end":{"line":43,"column":24}},"11":{"start":{"line":47,"column":8},"end":{"line":47,"column":53}},"12":{"start":{"line":52,"column":8},"end":{"line":84,"column":10}}},"fnMap":{"0":{"name":"(anonymous_0)","decl":{"start":{"line":25,"column":4},"end":{"line":25,"column":5}},"loc":{"start":{"line":25,"column":23},"end":{"line":31,"column":5}},"line":25},"1":{"name":"(anonymous_1)","decl":{"start":{"line":33,"column":20},"end":{"line":33,"column":21}},"loc":{"start":{"line":33,"column":36},"end":{"line":36,"column":5}},"line":33},"2":{"name":"(anonymous_2)","decl":{"start":{"line":38,"column":4},"end":{"line":38,"column":5}},"loc":{"start":{"line":38,"column":22},"end":{"line":40,"column":5}},"line":38},"3":{"name":"(anonymous_3)","decl":{"start":{"line":42,"column":4},"end":{"line":42,"column":5}},"loc":{"start":{"line":42,"column":20},"end":{"line":44,"column":5}},"line":42},"4":{"name":"(anonymous_4)","decl":{"start":{"line":46,"column":18},"end":{"line":46,"column":19}},"loc":{"start":{"line":46,"column":34},"end":{"line":48,"column":5}},"line":46},"5":{"name":"(anonymous_5)","decl":{"start":{"line":50,"column":4},"end":{"line":50,"column":5}},"loc":{"start":{"line":50,"column":13},"end":{"line":86,"column":5}},"line":50}},"branchMap":{},"s":{"0":1,"1":1,"2":0,"3":0,"4":0,"5":0,"6":0,"7":0,"8":0,"9":0,"10":0,"11":0,"12":0},"f":{"0":0,"1":0,"2":0,"3":0,"4":0,"5":0},"b":{},"_coverageSchema":"332fd63041d2c1bcb487cc26dd0d5f7d97098a6c","hash":"9cbd8da47bae579e2cc286742d1ca0553f2adc02"}
,"/Users/nicolas/Documents/PROJET/nativescript/DlearnHelsinki/src/components/shared/LinearGraph.js": {"path":"/Users/nicolas/Documents/PROJET/nativescript/DlearnHelsinki/src/components/shared/LinearGraph.js","statementMap":{"0":{"start":{"line":4,"column":15},"end":{"line":4,"column":69}},"1":{"start":{"line":5,"column":18},"end":{"line":5,"column":20}},"2":{"start":{"line":6,"column":31},"end":{"line":6,"column":33}},"3":{"start":{"line":15,"column":8},"end":{"line":15,"column":21}},"4":{"start":{"line":17,"column":8},"end":{"line":19,"column":9}},"5":{"start":{"line":18,"column":12},"end":{"line":18,"column":43}},"6":{"start":{"line":21,"column":8},"end":{"line":69,"column":10}},"7":{"start":{"line":79,"column":8},"end":{"line":83,"column":9}},"8":{"start":{"line":80,"column":12},"end":{"line":80,"column":42}},"9":{"start":{"line":81,"column":12},"end":{"line":81,"column":32}},"10":{"start":{"line":82,"column":12},"end":{"line":82,"column":35}},"11":{"start":{"line":89,"column":8},"end":{"line":89,"column":32}},"12":{"start":{"line":96,"column":8},"end":{"line":96,"column":25}},"13":{"start":{"line":97,"column":8},"end":{"line":97,"column":38}},"14":{"start":{"line":100,"column":16},"end":{"line":100,"column":18}},"15":{"start":{"line":101,"column":8},"end":{"line":103,"column":9}},"16":{"start":{"line":102,"column":12},"end":{"line":102,"column":48}},"17":{"start":{"line":104,"column":8},"end":{"line":106,"column":9}},"18":{"start":{"line":105,"column":12},"end":{"line":105,"column":48}},"19":{"start":{"line":107,"column":8},"end":{"line":109,"column":9}},"20":{"start":{"line":108,"column":12},"end":{"line":108,"column":46}},"21":{"start":{"line":110,"column":8},"end":{"line":112,"column":9}},"22":{"start":{"line":111,"column":12},"end":{"line":111,"column":44}},"23":{"start":{"line":113,"column":8},"end":{"line":115,"column":9}},"24":{"start":{"line":114,"column":12},"end":{"line":114,"column":46}},"25":{"start":{"line":117,"column":8},"end":{"line":117,"column":37}},"26":{"start":{"line":118,"column":8},"end":{"line":118,"column":52}},"27":{"start":{"line":127,"column":8},"end":{"line":129,"column":9}},"28":{"start":{"line":128,"column":12},"end":{"line":128,"column":40}},"29":{"start":{"line":131,"column":19},"end":{"line":131,"column":20}},"30":{"start":{"line":132,"column":8},"end":{"line":134,"column":9}},"31":{"start":{"line":133,"column":12},"end":{"line":133,"column":60}},"32":{"start":{"line":135,"column":21},"end":{"line":135,"column":24}},"33":{"start":{"line":136,"column":8},"end":{"line":139,"column":9}},"34":{"start":{"line":137,"column":24},"end":{"line":137,"column":48}},"35":{"start":{"line":138,"column":12},"end":{"line":138,"column":61}},"36":{"start":{"line":141,"column":29},"end":{"line":141,"column":81}},"37":{"start":{"line":142,"column":29},"end":{"line":142,"column":77}},"38":{"start":{"line":143,"column":29},"end":{"line":143,"column":77}},"39":{"start":{"line":144,"column":29},"end":{"line":144,"column":77}},"40":{"start":{"line":146,"column":16},"end":{"line":146,"column":30}},"41":{"start":{"line":147,"column":16},"end":{"line":147,"column":30}},"42":{"start":{"line":148,"column":16},"end":{"line":148,"column":30}},"43":{"start":{"line":150,"column":8},"end":{"line":150,"column":57}},"44":{"start":{"line":155,"column":8},"end":{"line":157,"column":10}}},"fnMap":{"0":{"name":"(anonymous_0)","decl":{"start":{"line":14,"column":4},"end":{"line":14,"column":5}},"loc":{"start":{"line":14,"column":23},"end":{"line":71,"column":5}},"line":14},"1":{"name":"(anonymous_1)","decl":{"start":{"line":73,"column":4},"end":{"line":73,"column":5}},"loc":{"start":{"line":73,"column":24},"end":{"line":75,"column":5}},"line":73},"2":{"name":"(anonymous_2)","decl":{"start":{"line":78,"column":4},"end":{"line":78,"column":5}},"loc":{"start":{"line":78,"column":41},"end":{"line":84,"column":5}},"line":78},"3":{"name":"(anonymous_3)","decl":{"start":{"line":88,"column":22},"end":{"line":88,"column":23}},"loc":{"start":{"line":88,"column":34},"end":{"line":90,"column":5}},"line":88},"4":{"name":"(anonymous_4)","decl":{"start":{"line":94,"column":23},"end":{"line":94,"column":24}},"loc":{"start":{"line":94,"column":35},"end":{"line":120,"column":5}},"line":94},"5":{"name":"(anonymous_5)","decl":{"start":{"line":124,"column":21},"end":{"line":124,"column":22}},"loc":{"start":{"line":124,"column":36},"end":{"line":151,"column":5}},"line":124},"6":{"name":"cutHex","decl":{"start":{"line":141,"column":17},"end":{"line":141,"column":23}},"loc":{"start":{"line":141,"column":27},"end":{"line":141,"column":83}},"line":141},"7":{"name":"hexToR","decl":{"start":{"line":142,"column":17},"end":{"line":142,"column":23}},"loc":{"start":{"line":142,"column":27},"end":{"line":142,"column":79}},"line":142},"8":{"name":"hexToG","decl":{"start":{"line":143,"column":17},"end":{"line":143,"column":23}},"loc":{"start":{"line":143,"column":27},"end":{"line":143,"column":79}},"line":143},"9":{"name":"hexToB","decl":{"start":{"line":144,"column":17},"end":{"line":144,"column":23}},"loc":{"start":{"line":144,"column":27},"end":{"line":144,"column":79}},"line":144},"10":{"name":"(anonymous_10)","decl":{"start":{"line":154,"column":4},"end":{"line":154,"column":5}},"loc":{"start":{"line":154,"column":13},"end":{"line":158,"column":5}},"line":154}},"branchMap":{"0":{"loc":{"start":{"line":17,"column":8},"end":{"line":19,"column":9}},"type":"if","locations":[{"start":{"line":17,"column":8},"end":{"line":19,"column":9}},{"start":{"line":17,"column":8},"end":{"line":19,"column":9}}],"line":17},"1":{"loc":{"start":{"line":79,"column":8},"end":{"line":83,"column":9}},"type":"if","locations":[{"start":{"line":79,"column":8},"end":{"line":83,"column":9}},{"start":{"line":79,"column":8},"end":{"line":83,"column":9}}],"line":79},"2":{"loc":{"start":{"line":101,"column":8},"end":{"line":103,"column":9}},"type":"if","locations":[{"start":{"line":101,"column":8},"end":{"line":103,"column":9}},{"start":{"line":101,"column":8},"end":{"line":103,"column":9}}],"line":101},"3":{"loc":{"start":{"line":104,"column":8},"end":{"line":106,"column":9}},"type":"if","locations":[{"start":{"line":104,"column":8},"end":{"line":106,"column":9}},{"start":{"line":104,"column":8},"end":{"line":106,"column":9}}],"line":104},"4":{"loc":{"start":{"line":107,"column":8},"end":{"line":109,"column":9}},"type":"if","locations":[{"start":{"line":107,"column":8},"end":{"line":109,"column":9}},{"start":{"line":107,"column":8},"end":{"line":109,"column":9}}],"line":107},"5":{"loc":{"start":{"line":110,"column":8},"end":{"line":112,"column":9}},"type":"if","locations":[{"start":{"line":110,"column":8},"end":{"line":112,"column":9}},{"start":{"line":110,"column":8},"end":{"line":112,"column":9}}],"line":110},"6":{"loc":{"start":{"line":113,"column":8},"end":{"line":115,"column":9}},"type":"if","locations":[{"start":{"line":113,"column":8},"end":{"line":115,"column":9}},{"start":{"line":113,"column":8},"end":{"line":115,"column":9}}],"line":113},"7":{"loc":{"start":{"line":127,"column":8},"end":{"line":129,"column":9}},"type":"if","locations":[{"start":{"line":127,"column":8},"end":{"line":129,"column":9}},{"start":{"line":127,"column":8},"end":{"line":129,"column":9}}],"line":127},"8":{"loc":{"start":{"line":141,"column":36},"end":{"line":141,"column":81}},"type":"cond-expr","locations":[{"start":{"line":141,"column":60},"end":{"line":141,"column":77}},{"start":{"line":141,"column":80},"end":{"line":141,"column":81}}],"line":141}},"s":{"0":1,"1":1,"2":1,"3":0,"4":0,"5":0,"6":0,"7":0,"8":0,"9":0,"10":0,"11":0,"12":0,"13":0,"14":0,"15":0,"16":0,"17":0,"18":0,"19":0,"20":0,"21":0,"22":0,"23":0,"24":0,"25":0,"26":0,"27":0,"28":0,"29":0,"30":0,"31":0,"32":0,"33":0,"34":0,"35":0,"36":0,"37":0,"38":0,"39":0,"40":0,"41":0,"42":0,"43":0,"44":0},"f":{"0":0,"1":0,"2":0,"3":0,"4":0,"5":0,"6":0,"7":0,"8":0,"9":0,"10":0},"b":{"0":[0,0],"1":[0,0],"2":[0,0],"3":[0,0],"4":[0,0],"5":[0,0],"6":[0,0],"7":[0,0],"8":[0,0]},"_coverageSchema":"332fd63041d2c1bcb487cc26dd0d5f7d97098a6c","hash":"b83f9e0717053359da9ee4acf73b952f7d5db199"}
,"/Users/nicolas/Documents/PROJET/nativescript/DlearnHelsinki/src/components/shared/SpiderGraph.js": {"path":"/Users/nicolas/Documents/PROJET/nativescript/DlearnHelsinki/src/components/shared/SpiderGraph.js","statementMap":{"0":{"start":{"line":5,"column":15},"end":{"line":5,"column":69}},"1":{"start":{"line":6,"column":18},"end":{"line":6,"column":20}},"2":{"start":{"line":7,"column":31},"end":{"line":7,"column":33}},"3":{"start":{"line":9,"column":14},"end":{"line":9,"column":16}},"4":{"start":{"line":17,"column":2},"end":{"line":17,"column":15}},"5":{"start":{"line":19,"column":2},"end":{"line":19,"column":33}},"6":{"start":{"line":21,"column":2},"end":{"line":39,"column":4}},"7":{"start":{"line":41,"column":2},"end":{"line":41,"column":25}},"8":{"start":{"line":50,"column":2},"end":{"line":54,"column":3}},"9":{"start":{"line":51,"column":3},"end":{"line":51,"column":33}},"10":{"start":{"line":52,"column":3},"end":{"line":52,"column":23}},"11":{"start":{"line":53,"column":3},"end":{"line":53,"column":26}},"12":{"start":{"line":60,"column":2},"end":{"line":60,"column":26}},"13":{"start":{"line":61,"column":2},"end":{"line":61,"column":30}},"14":{"start":{"line":75,"column":10},"end":{"line":75,"column":12}},"15":{"start":{"line":78,"column":2},"end":{"line":107,"column":3}},"16":{"start":{"line":79,"column":3},"end":{"line":79,"column":39}},"17":{"start":{"line":82,"column":3},"end":{"line":84,"column":4}},"18":{"start":{"line":83,"column":4},"end":{"line":83,"column":38}},"19":{"start":{"line":85,"column":3},"end":{"line":87,"column":4}},"20":{"start":{"line":86,"column":4},"end":{"line":86,"column":36}},"21":{"start":{"line":88,"column":3},"end":{"line":90,"column":4}},"22":{"start":{"line":89,"column":4},"end":{"line":89,"column":40}},"23":{"start":{"line":93,"column":3},"end":{"line":93,"column":32}},"24":{"start":{"line":95,"column":8},"end":{"line":107,"column":3}},"25":{"start":{"line":96,"column":3},"end":{"line":96,"column":39}},"26":{"start":{"line":98,"column":3},"end":{"line":100,"column":4}},"27":{"start":{"line":99,"column":4},"end":{"line":99,"column":38}},"28":{"start":{"line":101,"column":3},"end":{"line":103,"column":4}},"29":{"start":{"line":102,"column":4},"end":{"line":102,"column":36}},"30":{"start":{"line":106,"column":3},"end":{"line":106,"column":30}},"31":{"start":{"line":109,"column":2},"end":{"line":111,"column":3}},"32":{"start":{"line":110,"column":3},"end":{"line":110,"column":37}},"33":{"start":{"line":114,"column":2},"end":{"line":114,"column":31}},"34":{"start":{"line":115,"column":2},"end":{"line":115,"column":46}},"35":{"start":{"line":120,"column":2},"end":{"line":120,"column":37}},"36":{"start":{"line":121,"column":18},"end":{"line":121,"column":22}},"37":{"start":{"line":122,"column":16},"end":{"line":122,"column":18}},"38":{"start":{"line":125,"column":2},"end":{"line":180,"column":5}},"39":{"start":{"line":132,"column":3},"end":{"line":176,"column":4}},"40":{"start":{"line":133,"column":4},"end":{"line":173,"column":7}},"41":{"start":{"line":134,"column":5},"end":{"line":144,"column":14}},"42":{"start":{"line":135,"column":19},"end":{"line":141,"column":7}},"43":{"start":{"line":142,"column":6},"end":{"line":142,"column":22}},"44":{"start":{"line":146,"column":5},"end":{"line":172,"column":6}},"45":{"start":{"line":148,"column":24},"end":{"line":148,"column":26}},"46":{"start":{"line":149,"column":24},"end":{"line":149,"column":26}},"47":{"start":{"line":150,"column":6},"end":{"line":154,"column":15}},"48":{"start":{"line":151,"column":7},"end":{"line":151,"column":39}},"49":{"start":{"line":152,"column":7},"end":{"line":152,"column":47}},"50":{"start":{"line":156,"column":6},"end":{"line":169,"column":9}},"51":{"start":{"line":171,"column":6},"end":{"line":171,"column":52}},"52":{"start":{"line":175,"column":4},"end":{"line":175,"column":48}},"53":{"start":{"line":179,"column":3},"end":{"line":179,"column":20}},"54":{"start":{"line":187,"column":2},"end":{"line":189,"column":3}},"55":{"start":{"line":188,"column":3},"end":{"line":188,"column":31}},"56":{"start":{"line":191,"column":13},"end":{"line":191,"column":14}},"57":{"start":{"line":192,"column":2},"end":{"line":194,"column":3}},"58":{"start":{"line":193,"column":3},"end":{"line":193,"column":51}},"59":{"start":{"line":195,"column":15},"end":{"line":195,"column":18}},"60":{"start":{"line":196,"column":2},"end":{"line":199,"column":3}},"61":{"start":{"line":197,"column":15},"end":{"line":197,"column":39}},"62":{"start":{"line":198,"column":3},"end":{"line":198,"column":52}},"63":{"start":{"line":201,"column":23},"end":{"line":201,"column":75}},"64":{"start":{"line":202,"column":23},"end":{"line":202,"column":71}},"65":{"start":{"line":203,"column":23},"end":{"line":203,"column":71}},"66":{"start":{"line":204,"column":23},"end":{"line":204,"column":71}},"67":{"start":{"line":206,"column":10},"end":{"line":206,"column":24}},"68":{"start":{"line":207,"column":10},"end":{"line":207,"column":24}},"69":{"start":{"line":208,"column":10},"end":{"line":208,"column":24}},"70":{"start":{"line":210,"column":2},"end":{"line":210,"column":51}},"71":{"start":{"line":216,"column":16},"end":{"line":225,"column":3}},"72":{"start":{"line":227,"column":2},"end":{"line":238,"column":3}},"73":{"start":{"line":228,"column":3},"end":{"line":233,"column":4}},"74":{"start":{"line":235,"column":3},"end":{"line":237,"column":5}}},"fnMap":{"0":{"name":"(anonymous_0)","decl":{"start":{"line":16,"column":1},"end":{"line":16,"column":2}},"loc":{"start":{"line":16,"column":20},"end":{"line":42,"column":2}},"line":16},"1":{"name":"(anonymous_1)","decl":{"start":{"line":44,"column":1},"end":{"line":44,"column":2}},"loc":{"start":{"line":44,"column":21},"end":{"line":46,"column":2}},"line":44},"2":{"name":"(anonymous_2)","decl":{"start":{"line":49,"column":1},"end":{"line":49,"column":2}},"loc":{"start":{"line":49,"column":38},"end":{"line":55,"column":2}},"line":49},"3":{"name":"(anonymous_3)","decl":{"start":{"line":59,"column":19},"end":{"line":59,"column":20}},"loc":{"start":{"line":59,"column":31},"end":{"line":62,"column":2}},"line":59},"4":{"name":"(anonymous_4)","decl":{"start":{"line":64,"column":1},"end":{"line":64,"column":2}},"loc":{"start":{"line":64,"column":22},"end":{"line":67,"column":2}},"line":64},"5":{"name":"(anonymous_5)","decl":{"start":{"line":71,"column":20},"end":{"line":71,"column":21}},"loc":{"start":{"line":71,"column":32},"end":{"line":117,"column":2}},"line":71},"6":{"name":"(anonymous_6)","decl":{"start":{"line":119,"column":24},"end":{"line":119,"column":25}},"loc":{"start":{"line":119,"column":36},"end":{"line":181,"column":2}},"line":119},"7":{"name":"(anonymous_7)","decl":{"start":{"line":131,"column":10},"end":{"line":131,"column":11}},"loc":{"start":{"line":131,"column":30},"end":{"line":177,"column":3}},"line":131},"8":{"name":"(anonymous_8)","decl":{"start":{"line":133,"column":25},"end":{"line":133,"column":26}},"loc":{"start":{"line":133,"column":33},"end":{"line":173,"column":5}},"line":133},"9":{"name":"(anonymous_9)","decl":{"start":{"line":134,"column":18},"end":{"line":134,"column":19}},"loc":{"start":{"line":134,"column":31},"end":{"line":144,"column":6}},"line":134},"10":{"name":"(anonymous_10)","decl":{"start":{"line":150,"column":22},"end":{"line":150,"column":23}},"loc":{"start":{"line":150,"column":35},"end":{"line":154,"column":7}},"line":150},"11":{"name":"(anonymous_11)","decl":{"start":{"line":177,"column":11},"end":{"line":177,"column":12}},"loc":{"start":{"line":177,"column":26},"end":{"line":180,"column":3}},"line":177},"12":{"name":"(anonymous_12)","decl":{"start":{"line":184,"column":18},"end":{"line":184,"column":19}},"loc":{"start":{"line":184,"column":33},"end":{"line":211,"column":2}},"line":184},"13":{"name":"cutHex","decl":{"start":{"line":201,"column":11},"end":{"line":201,"column":17}},"loc":{"start":{"line":201,"column":21},"end":{"line":201,"column":77}},"line":201},"14":{"name":"hexToR","decl":{"start":{"line":202,"column":11},"end":{"line":202,"column":17}},"loc":{"start":{"line":202,"column":21},"end":{"line":202,"column":73}},"line":202},"15":{"name":"hexToG","decl":{"start":{"line":203,"column":11},"end":{"line":203,"column":17}},"loc":{"start":{"line":203,"column":21},"end":{"line":203,"column":73}},"line":203},"16":{"name":"hexToB","decl":{"start":{"line":204,"column":11},"end":{"line":204,"column":17}},"loc":{"start":{"line":204,"column":21},"end":{"line":204,"column":73}},"line":204},"17":{"name":"(anonymous_17)","decl":{"start":{"line":214,"column":1},"end":{"line":214,"column":2}},"loc":{"start":{"line":214,"column":10},"end":{"line":240,"column":2}},"line":214}},"branchMap":{"0":{"loc":{"start":{"line":50,"column":2},"end":{"line":54,"column":3}},"type":"if","locations":[{"start":{"line":50,"column":2},"end":{"line":54,"column":3}},{"start":{"line":50,"column":2},"end":{"line":54,"column":3}}],"line":50},"1":{"loc":{"start":{"line":78,"column":2},"end":{"line":107,"column":3}},"type":"if","locations":[{"start":{"line":78,"column":2},"end":{"line":107,"column":3}},{"start":{"line":78,"column":2},"end":{"line":107,"column":3}}],"line":78},"2":{"loc":{"start":{"line":82,"column":3},"end":{"line":84,"column":4}},"type":"if","locations":[{"start":{"line":82,"column":3},"end":{"line":84,"column":4}},{"start":{"line":82,"column":3},"end":{"line":84,"column":4}}],"line":82},"3":{"loc":{"start":{"line":85,"column":3},"end":{"line":87,"column":4}},"type":"if","locations":[{"start":{"line":85,"column":3},"end":{"line":87,"column":4}},{"start":{"line":85,"column":3},"end":{"line":87,"column":4}}],"line":85},"4":{"loc":{"start":{"line":88,"column":3},"end":{"line":90,"column":4}},"type":"if","locations":[{"start":{"line":88,"column":3},"end":{"line":90,"column":4}},{"start":{"line":88,"column":3},"end":{"line":90,"column":4}}],"line":88},"5":{"loc":{"start":{"line":95,"column":8},"end":{"line":107,"column":3}},"type":"if","locations":[{"start":{"line":95,"column":8},"end":{"line":107,"column":3}},{"start":{"line":95,"column":8},"end":{"line":107,"column":3}}],"line":95},"6":{"loc":{"start":{"line":98,"column":3},"end":{"line":100,"column":4}},"type":"if","locations":[{"start":{"line":98,"column":3},"end":{"line":100,"column":4}},{"start":{"line":98,"column":3},"end":{"line":100,"column":4}}],"line":98},"7":{"loc":{"start":{"line":101,"column":3},"end":{"line":103,"column":4}},"type":"if","locations":[{"start":{"line":101,"column":3},"end":{"line":103,"column":4}},{"start":{"line":101,"column":3},"end":{"line":103,"column":4}}],"line":101},"8":{"loc":{"start":{"line":109,"column":2},"end":{"line":111,"column":3}},"type":"if","locations":[{"start":{"line":109,"column":2},"end":{"line":111,"column":3}},{"start":{"line":109,"column":2},"end":{"line":111,"column":3}}],"line":109},"9":{"loc":{"start":{"line":132,"column":3},"end":{"line":176,"column":4}},"type":"if","locations":[{"start":{"line":132,"column":3},"end":{"line":176,"column":4}},{"start":{"line":132,"column":3},"end":{"line":176,"column":4}}],"line":132},"10":{"loc":{"start":{"line":146,"column":5},"end":{"line":172,"column":6}},"type":"if","locations":[{"start":{"line":146,"column":5},"end":{"line":172,"column":6}},{"start":{"line":146,"column":5},"end":{"line":172,"column":6}}],"line":146},"11":{"loc":{"start":{"line":187,"column":2},"end":{"line":189,"column":3}},"type":"if","locations":[{"start":{"line":187,"column":2},"end":{"line":189,"column":3}},{"start":{"line":187,"column":2},"end":{"line":189,"column":3}}],"line":187},"12":{"loc":{"start":{"line":201,"column":30},"end":{"line":201,"column":75}},"type":"cond-expr","locations":[{"start":{"line":201,"column":54},"end":{"line":201,"column":71}},{"start":{"line":201,"column":74},"end":{"line":201,"column":75}}],"line":201},"13":{"loc":{"start":{"line":227,"column":2},"end":{"line":238,"column":3}},"type":"if","locations":[{"start":{"line":227,"column":2},"end":{"line":238,"column":3}},{"start":{"line":227,"column":2},"end":{"line":238,"column":3}}],"line":227}},"s":{"0":1,"1":1,"2":1,"3":1,"4":0,"5":0,"6":0,"7":0,"8":0,"9":0,"10":0,"11":0,"12":0,"13":0,"14":0,"15":0,"16":0,"17":0,"18":0,"19":0,"20":0,"21":0,"22":0,"23":0,"24":0,"25":0,"26":0,"27":0,"28":0,"29":0,"30":0,"31":0,"32":0,"33":0,"34":0,"35":0,"36":0,"37":0,"38":0,"39":0,"40":0,"41":0,"42":0,"43":0,"44":0,"45":0,"46":0,"47":0,"48":0,"49":0,"50":0,"51":0,"52":0,"53":0,"54":0,"55":0,"56":0,"57":0,"58":0,"59":0,"60":0,"61":0,"62":0,"63":0,"64":0,"65":0,"66":0,"67":0,"68":0,"69":0,"70":0,"71":0,"72":0,"73":0,"74":0},"f":{"0":0,"1":0,"2":0,"3":0,"4":0,"5":0,"6":0,"7":0,"8":0,"9":0,"10":0,"11":0,"12":0,"13":0,"14":0,"15":0,"16":0,"17":0},"b":{"0":[0,0],"1":[0,0],"2":[0,0],"3":[0,0],"4":[0,0],"5":[0,0],"6":[0,0],"7":[0,0],"8":[0,0],"9":[0,0],"10":[0,0],"11":[0,0],"12":[0,0],"13":[0,0]},"_coverageSchema":"332fd63041d2c1bcb487cc26dd0d5f7d97098a6c","hash":"ccdbeb1780643ead5f99a01db1cc6d9c35c0a84b"}
,"/Users/nicolas/Documents/PROJET/nativescript/DlearnHelsinki/src/components/teacherCompo/Group.js": {"path":"/Users/nicolas/Documents/PROJET/nativescript/DlearnHelsinki/src/components/teacherCompo/Group.js","statementMap":{"0":{"start":{"line":8,"column":15},"end":{"line":8,"column":69}},"1":{"start":{"line":15,"column":8},"end":{"line":15,"column":21}},"2":{"start":{"line":16,"column":8},"end":{"line":16,"column":21}},"3":{"start":{"line":17,"column":8},"end":{"line":23,"column":10}},"4":{"start":{"line":46,"column":8},"end":{"line":46,"column":28}},"5":{"start":{"line":47,"column":8},"end":{"line":47,"column":33}},"6":{"start":{"line":51,"column":8},"end":{"line":51,"column":30}},"7":{"start":{"line":52,"column":8},"end":{"line":52,"column":29}},"8":{"start":{"line":53,"column":8},"end":{"line":53,"column":70}},"9":{"start":{"line":75,"column":8},"end":{"line":85,"column":5}},"10":{"start":{"line":80,"column":20},"end":{"line":80,"column":150}},"11":{"start":{"line":80,"column":82},"end":{"line":80,"column":113}},"12":{"start":{"line":91,"column":0},"end":{"line":141,"column":3}},"13":{"start":{"line":92,"column":17},"end":{"line":92,"column":21}},"14":{"start":{"line":93,"column":18},"end":{"line":93,"column":22}},"15":{"start":{"line":94,"column":15},"end":{"line":94,"column":19}},"16":{"start":{"line":96,"column":4},"end":{"line":96,"column":26}},"17":{"start":{"line":97,"column":19},"end":{"line":99,"column":5}},"18":{"start":{"line":98,"column":8},"end":{"line":98,"column":32}},"19":{"start":{"line":101,"column":20},"end":{"line":103,"column":5}},"20":{"start":{"line":102,"column":8},"end":{"line":102,"column":33}},"21":{"start":{"line":104,"column":17},"end":{"line":106,"column":5}},"22":{"start":{"line":105,"column":8},"end":{"line":105,"column":30}},"23":{"start":{"line":107,"column":4},"end":{"line":107,"column":26}},"24":{"start":{"line":108,"column":4},"end":{"line":108,"column":30}},"25":{"start":{"line":110,"column":4},"end":{"line":140,"column":7}},"26":{"start":{"line":124,"column":20},"end":{"line":124,"column":34}}},"fnMap":{"0":{"name":"(anonymous_0)","decl":{"start":{"line":14,"column":4},"end":{"line":14,"column":5}},"loc":{"start":{"line":14,"column":23},"end":{"line":24,"column":5}},"line":14},"1":{"name":"(anonymous_1)","decl":{"start":{"line":26,"column":17},"end":{"line":26,"column":18}},"loc":{"start":{"line":26,"column":29},"end":{"line":48,"column":5}},"line":26},"2":{"name":"(anonymous_2)","decl":{"start":{"line":50,"column":21},"end":{"line":50,"column":22}},"loc":{"start":{"line":50,"column":34},"end":{"line":71,"column":5}},"line":50},"3":{"name":"(anonymous_3)","decl":{"start":{"line":74,"column":4},"end":{"line":74,"column":5}},"loc":{"start":{"line":74,"column":12},"end":{"line":86,"column":5}},"line":74},"4":{"name":"(anonymous_4)","decl":{"start":{"line":79,"column":37},"end":{"line":79,"column":38}},"loc":{"start":{"line":79,"column":65},"end":{"line":81,"column":17}},"line":79},"5":{"name":"(anonymous_5)","decl":{"start":{"line":80,"column":76},"end":{"line":80,"column":77}},"loc":{"start":{"line":80,"column":82},"end":{"line":80,"column":113}},"line":80},"6":{"name":"(anonymous_6)","decl":{"start":{"line":91,"column":43},"end":{"line":91,"column":44}},"loc":{"start":{"line":91,"column":79},"end":{"line":141,"column":1}},"line":91},"7":{"name":"(anonymous_7)","decl":{"start":{"line":97,"column":19},"end":{"line":97,"column":20}},"loc":{"start":{"line":97,"column":32},"end":{"line":99,"column":5}},"line":97},"8":{"name":"(anonymous_8)","decl":{"start":{"line":101,"column":20},"end":{"line":101,"column":21}},"loc":{"start":{"line":101,"column":33},"end":{"line":103,"column":5}},"line":101},"9":{"name":"(anonymous_9)","decl":{"start":{"line":104,"column":17},"end":{"line":104,"column":18}},"loc":{"start":{"line":104,"column":30},"end":{"line":106,"column":5}},"line":104},"10":{"name":"(anonymous_10)","decl":{"start":{"line":122,"column":24},"end":{"line":122,"column":25}},"loc":{"start":{"line":122,"column":41},"end":{"line":125,"column":17}},"line":122}},"branchMap":{},"s":{"0":1,"1":0,"2":0,"3":0,"4":0,"5":0,"6":0,"7":0,"8":0,"9":0,"10":0,"11":0,"12":1,"13":0,"14":0,"15":0,"16":0,"17":0,"18":0,"19":0,"20":0,"21":0,"22":0,"23":0,"24":0,"25":0,"26":0},"f":{"0":0,"1":0,"2":0,"3":0,"4":0,"5":0,"6":0,"7":0,"8":0,"9":0,"10":0},"b":{},"_coverageSchema":"332fd63041d2c1bcb487cc26dd0d5f7d97098a6c","hash":"a9ce3965867bfb2280e329de61723183e79a68d9"}
,"/Users/nicolas/Documents/PROJET/nativescript/DlearnHelsinki/src/components/teacherCompo/GroupManagmentButton.js": {"path":"/Users/nicolas/Documents/PROJET/nativescript/DlearnHelsinki/src/components/teacherCompo/GroupManagmentButton.js","statementMap":{"0":{"start":{"line":7,"column":14},"end":{"line":12,"column":1}},"1":{"start":{"line":18,"column":8},"end":{"line":18,"column":21}},"2":{"start":{"line":19,"column":8},"end":{"line":22,"column":9}},"3":{"start":{"line":30,"column":8},"end":{"line":41,"column":9}}},"fnMap":{"0":{"name":"(anonymous_0)","decl":{"start":{"line":17,"column":4},"end":{"line":17,"column":5}},"loc":{"start":{"line":17,"column":23},"end":{"line":23,"column":5}},"line":17},"1":{"name":"(anonymous_1)","decl":{"start":{"line":25,"column":26},"end":{"line":25,"column":27}},"loc":{"start":{"line":25,"column":32},"end":{"line":27,"column":5}},"line":25},"2":{"name":"(anonymous_2)","decl":{"start":{"line":29,"column":4},"end":{"line":29,"column":5}},"loc":{"start":{"line":29,"column":13},"end":{"line":42,"column":5}},"line":29}},"branchMap":{},"s":{"0":1,"1":0,"2":0,"3":0},"f":{"0":0,"1":0,"2":0},"b":{},"_coverageSchema":"332fd63041d2c1bcb487cc26dd0d5f7d97098a6c","hash":"88732b7a16635494cb52ad69922fb99d6f0c6c29"}
,"/Users/nicolas/Documents/PROJET/nativescript/DlearnHelsinki/src/components/teacherCompo/HeadbandsLastResults.js": {"path":"/Users/nicolas/Documents/PROJET/nativescript/DlearnHelsinki/src/components/teacherCompo/HeadbandsLastResults.js","statementMap":{"0":{"start":{"line":6,"column":14},"end":{"line":11,"column":1}},"1":{"start":{"line":13,"column":20},"end":{"line":16,"column":1}},"2":{"start":{"line":18,"column":15},"end":{"line":18,"column":69}},"3":{"start":{"line":19,"column":17},"end":{"line":19,"column":19}},"4":{"start":{"line":22,"column":13},"end":{"line":22,"column":15}},"5":{"start":{"line":28,"column":8},"end":{"line":28,"column":21}},"6":{"start":{"line":30,"column":8},"end":{"line":30,"column":21}},"7":{"start":{"line":32,"column":8},"end":{"line":32,"column":20}},"8":{"start":{"line":34,"column":8},"end":{"line":39,"column":10}},"9":{"start":{"line":41,"column":8},"end":{"line":41,"column":32}},"10":{"start":{"line":42,"column":8},"end":{"line":42,"column":29}},"11":{"start":{"line":46,"column":25},"end":{"line":46,"column":27}},"12":{"start":{"line":47,"column":8},"end":{"line":56,"column":11}},"13":{"start":{"line":48,"column":12},"end":{"line":55,"column":26}},"14":{"start":{"line":58,"column":8},"end":{"line":62,"column":11}},"15":{"start":{"line":67,"column":16},"end":{"line":67,"column":18}},"16":{"start":{"line":71,"column":8},"end":{"line":71,"column":47}},"17":{"start":{"line":73,"column":8},"end":{"line":73,"column":23}},"18":{"start":{"line":78,"column":8},"end":{"line":78,"column":44}},"19":{"start":{"line":80,"column":8},"end":{"line":98,"column":11}},"20":{"start":{"line":87,"column":12},"end":{"line":94,"column":13}},"21":{"start":{"line":88,"column":16},"end":{"line":91,"column":19}},"22":{"start":{"line":89,"column":20},"end":{"line":89,"column":34}},"23":{"start":{"line":90,"column":20},"end":{"line":90,"column":44}},"24":{"start":{"line":93,"column":16},"end":{"line":93,"column":60}},"25":{"start":{"line":97,"column":12},"end":{"line":97,"column":29}},"26":{"start":{"line":101,"column":26},"end":{"line":107,"column":5}},"27":{"start":{"line":102,"column":8},"end":{"line":102,"column":27}},"28":{"start":{"line":103,"column":8},"end":{"line":106,"column":11}},"29":{"start":{"line":112,"column":25},"end":{"line":118,"column":9}},"30":{"start":{"line":120,"column":8},"end":{"line":148,"column":9}},"31":{"start":{"line":121,"column":12},"end":{"line":125,"column":13}},"32":{"start":{"line":128,"column":12},"end":{"line":147,"column":14}}},"fnMap":{"0":{"name":"(anonymous_0)","decl":{"start":{"line":27,"column":4},"end":{"line":27,"column":5}},"loc":{"start":{"line":27,"column":23},"end":{"line":43,"column":5}},"line":27},"1":{"name":"(anonymous_1)","decl":{"start":{"line":45,"column":22},"end":{"line":45,"column":23}},"loc":{"start":{"line":45,"column":34},"end":{"line":64,"column":5}},"line":45},"2":{"name":"(anonymous_2)","decl":{"start":{"line":47,"column":23},"end":{"line":47,"column":24}},"loc":{"start":{"line":47,"column":42},"end":{"line":56,"column":9}},"line":47},"3":{"name":"(anonymous_3)","decl":{"start":{"line":66,"column":23},"end":{"line":66,"column":24}},"loc":{"start":{"line":66,"column":35},"end":{"line":74,"column":5}},"line":66},"4":{"name":"(anonymous_4)","decl":{"start":{"line":76,"column":20},"end":{"line":76,"column":21}},"loc":{"start":{"line":76,"column":32},"end":{"line":99,"column":5}},"line":76},"5":{"name":"(anonymous_5)","decl":{"start":{"line":86,"column":16},"end":{"line":86,"column":17}},"loc":{"start":{"line":86,"column":36},"end":{"line":95,"column":9}},"line":86},"6":{"name":"(anonymous_6)","decl":{"start":{"line":88,"column":37},"end":{"line":88,"column":38}},"loc":{"start":{"line":88,"column":45},"end":{"line":91,"column":17}},"line":88},"7":{"name":"(anonymous_7)","decl":{"start":{"line":95,"column":17},"end":{"line":95,"column":18}},"loc":{"start":{"line":95,"column":32},"end":{"line":98,"column":9}},"line":95},"8":{"name":"(anonymous_8)","decl":{"start":{"line":101,"column":20},"end":{"line":101,"column":21}},"loc":{"start":{"line":101,"column":26},"end":{"line":107,"column":5}},"line":101},"9":{"name":"(anonymous_9)","decl":{"start":{"line":101,"column":26},"end":{"line":101,"column":27}},"loc":{"start":{"line":101,"column":33},"end":{"line":107,"column":5}},"line":101},"10":{"name":"(anonymous_10)","decl":{"start":{"line":109,"column":4},"end":{"line":109,"column":5}},"loc":{"start":{"line":109,"column":13},"end":{"line":152,"column":5}},"line":109}},"branchMap":{"0":{"loc":{"start":{"line":87,"column":12},"end":{"line":94,"column":13}},"type":"if","locations":[{"start":{"line":87,"column":12},"end":{"line":94,"column":13}},{"start":{"line":87,"column":12},"end":{"line":94,"column":13}}],"line":87},"1":{"loc":{"start":{"line":120,"column":8},"end":{"line":148,"column":9}},"type":"if","locations":[{"start":{"line":120,"column":8},"end":{"line":148,"column":9}},{"start":{"line":120,"column":8},"end":{"line":148,"column":9}}],"line":120}},"s":{"0":1,"1":1,"2":1,"3":1,"4":1,"5":0,"6":0,"7":0,"8":0,"9":0,"10":0,"11":0,"12":0,"13":0,"14":0,"15":0,"16":0,"17":0,"18":0,"19":0,"20":0,"21":0,"22":0,"23":0,"24":0,"25":0,"26":0,"27":0,"28":0,"29":0,"30":0,"31":0,"32":0},"f":{"0":0,"1":0,"2":0,"3":0,"4":0,"5":0,"6":0,"7":0,"8":0,"9":0,"10":0},"b":{"0":[0,0],"1":[0,0]},"_coverageSchema":"332fd63041d2c1bcb487cc26dd0d5f7d97098a6c","hash":"6b6a672b16639eaf70385a416994bae66976be29"}
,"/Users/nicolas/Documents/PROJET/nativescript/DlearnHelsinki/src/components/teacherCompo/HistoryButton.js": {"path":"/Users/nicolas/Documents/PROJET/nativescript/DlearnHelsinki/src/components/teacherCompo/HistoryButton.js","statementMap":{"0":{"start":{"line":6,"column":14},"end":{"line":11,"column":1}},"1":{"start":{"line":17,"column":8},"end":{"line":17,"column":21}},"2":{"start":{"line":18,"column":8},"end":{"line":21,"column":9}},"3":{"start":{"line":29,"column":8},"end":{"line":45,"column":9}}},"fnMap":{"0":{"name":"(anonymous_0)","decl":{"start":{"line":16,"column":4},"end":{"line":16,"column":5}},"loc":{"start":{"line":16,"column":23},"end":{"line":22,"column":5}},"line":16},"1":{"name":"(anonymous_1)","decl":{"start":{"line":24,"column":21},"end":{"line":24,"column":22}},"loc":{"start":{"line":24,"column":28},"end":{"line":26,"column":5}},"line":24},"2":{"name":"(anonymous_2)","decl":{"start":{"line":28,"column":4},"end":{"line":28,"column":5}},"loc":{"start":{"line":28,"column":13},"end":{"line":46,"column":5}},"line":28}},"branchMap":{},"s":{"0":1,"1":0,"2":0,"3":0},"f":{"0":0,"1":0,"2":0},"b":{},"_coverageSchema":"332fd63041d2c1bcb487cc26dd0d5f7d97098a6c","hash":"dfd8079332a1517987056d117d60546f134f91ff"}
,"/Users/nicolas/Documents/PROJET/nativescript/DlearnHelsinki/src/components/teacherCompo/InfoStudent.js": {"path":"/Users/nicolas/Documents/PROJET/nativescript/DlearnHelsinki/src/components/teacherCompo/InfoStudent.js","statementMap":{"0":{"start":{"line":6,"column":8},"end":{"line":6,"column":21}},"1":{"start":{"line":10,"column":8},"end":{"line":17,"column":9}}},"fnMap":{"0":{"name":"(anonymous_0)","decl":{"start":{"line":5,"column":4},"end":{"line":5,"column":5}},"loc":{"start":{"line":5,"column":23},"end":{"line":7,"column":5}},"line":5},"1":{"name":"(anonymous_1)","decl":{"start":{"line":9,"column":4},"end":{"line":9,"column":5}},"loc":{"start":{"line":9,"column":13},"end":{"line":18,"column":5}},"line":9}},"branchMap":{},"s":{"0":0,"1":0},"f":{"0":0,"1":0},"b":{},"_coverageSchema":"332fd63041d2c1bcb487cc26dd0d5f7d97098a6c","hash":"6ccd01e410215edafd59f3151b7d57f2eb29ae03"}
,"/Users/nicolas/Documents/PROJET/nativescript/DlearnHelsinki/src/components/teacherCompo/OpenSurveyButton.js": {"path":"/Users/nicolas/Documents/PROJET/nativescript/DlearnHelsinki/src/components/teacherCompo/OpenSurveyButton.js","statementMap":{"0":{"start":{"line":13,"column":15},"end":{"line":13,"column":69}},"1":{"start":{"line":14,"column":18},"end":{"line":14,"column":20}},"2":{"start":{"line":15,"column":18},"end":{"line":15,"column":20}},"3":{"start":{"line":16,"column":24},"end":{"line":16,"column":26}},"4":{"start":{"line":18,"column":14},"end":{"line":18,"column":16}},"5":{"start":{"line":19,"column":12},"end":{"line":19,"column":16}},"6":{"start":{"line":24,"column":8},"end":{"line":24,"column":21}},"7":{"start":{"line":25,"column":8},"end":{"line":25,"column":21}},"8":{"start":{"line":26,"column":8},"end":{"line":26,"column":21}},"9":{"start":{"line":28,"column":8},"end":{"line":42,"column":9}},"10":{"start":{"line":44,"column":8},"end":{"line":44,"column":32}},"11":{"start":{"line":45,"column":8},"end":{"line":45,"column":32}},"12":{"start":{"line":51,"column":8},"end":{"line":51,"column":106}},"13":{"start":{"line":52,"column":8},"end":{"line":52,"column":106}},"14":{"start":{"line":53,"column":8},"end":{"line":53,"column":112}},"15":{"start":{"line":60,"column":8},"end":{"line":89,"column":9}},"16":{"start":{"line":61,"column":12},"end":{"line":73,"column":15}},"17":{"start":{"line":76,"column":12},"end":{"line":88,"column":15}},"18":{"start":{"line":95,"column":8},"end":{"line":95,"column":42}},"19":{"start":{"line":97,"column":8},"end":{"line":117,"column":11}},"20":{"start":{"line":104,"column":12},"end":{"line":113,"column":13}},"21":{"start":{"line":105,"column":16},"end":{"line":110,"column":19}},"22":{"start":{"line":106,"column":20},"end":{"line":106,"column":35}},"23":{"start":{"line":107,"column":20},"end":{"line":107,"column":41}},"24":{"start":{"line":109,"column":20},"end":{"line":109,"column":46}},"25":{"start":{"line":112,"column":16},"end":{"line":112,"column":60}},"26":{"start":{"line":116,"column":12},"end":{"line":116,"column":29}},"27":{"start":{"line":123,"column":27},"end":{"line":123,"column":31}},"28":{"start":{"line":124,"column":8},"end":{"line":131,"column":17}},"29":{"start":{"line":125,"column":12},"end":{"line":125,"column":27}},"30":{"start":{"line":126,"column":12},"end":{"line":130,"column":13}},"31":{"start":{"line":127,"column":16},"end":{"line":127,"column":37}},"32":{"start":{"line":128,"column":16},"end":{"line":128,"column":39}},"33":{"start":{"line":129,"column":16},"end":{"line":129,"column":36}},"34":{"start":{"line":134,"column":8},"end":{"line":142,"column":9}},"35":{"start":{"line":135,"column":12},"end":{"line":141,"column":15}},"36":{"start":{"line":149,"column":8},"end":{"line":149,"column":43}},"37":{"start":{"line":151,"column":19},"end":{"line":154,"column":10}},"38":{"start":{"line":155,"column":8},"end":{"line":155,"column":26}},"39":{"start":{"line":157,"column":8},"end":{"line":177,"column":11}},"40":{"start":{"line":167,"column":12},"end":{"line":173,"column":13}},"41":{"start":{"line":168,"column":16},"end":{"line":170,"column":19}},"42":{"start":{"line":169,"column":20},"end":{"line":169,"column":43}},"43":{"start":{"line":172,"column":16},"end":{"line":172,"column":60}},"44":{"start":{"line":176,"column":12},"end":{"line":176,"column":29}},"45":{"start":{"line":182,"column":8},"end":{"line":200,"column":11}},"46":{"start":{"line":191,"column":12},"end":{"line":196,"column":13}},"47":{"start":{"line":192,"column":16},"end":{"line":192,"column":47}},"48":{"start":{"line":193,"column":16},"end":{"line":193,"column":41}},"49":{"start":{"line":195,"column":16},"end":{"line":195,"column":60}},"50":{"start":{"line":199,"column":12},"end":{"line":199,"column":29}},"51":{"start":{"line":206,"column":8},"end":{"line":206,"column":39}},"52":{"start":{"line":207,"column":8},"end":{"line":241,"column":9}},"53":{"start":{"line":208,"column":12},"end":{"line":208,"column":73}},"54":{"start":{"line":212,"column":12},"end":{"line":240,"column":13}},"55":{"start":{"line":213,"column":16},"end":{"line":213,"column":44}},"56":{"start":{"line":216,"column":16},"end":{"line":239,"column":19}},"57":{"start":{"line":227,"column":32},"end":{"line":227,"column":46}},"58":{"start":{"line":234,"column":32},"end":{"line":234,"column":63}},"59":{"start":{"line":235,"column":32},"end":{"line":235,"column":46}},"60":{"start":{"line":245,"column":8},"end":{"line":267,"column":9}},"61":{"start":{"line":246,"column":12},"end":{"line":253,"column":13}},"62":{"start":{"line":256,"column":12},"end":{"line":266,"column":13}},"63":{"start":{"line":274,"column":0},"end":{"line":349,"column":3}},"64":{"start":{"line":275,"column":17},"end":{"line":275,"column":19}},"65":{"start":{"line":276,"column":23},"end":{"line":276,"column":25}},"66":{"start":{"line":277,"column":18},"end":{"line":277,"column":20}},"67":{"start":{"line":279,"column":19},"end":{"line":281,"column":5}},"68":{"start":{"line":280,"column":8},"end":{"line":280,"column":32}},"69":{"start":{"line":283,"column":25},"end":{"line":285,"column":5}},"70":{"start":{"line":284,"column":8},"end":{"line":284,"column":38}},"71":{"start":{"line":287,"column":20},"end":{"line":306,"column":5}},"72":{"start":{"line":291,"column":12},"end":{"line":296,"column":13}},"73":{"start":{"line":292,"column":16},"end":{"line":295,"column":17}},"74":{"start":{"line":293,"column":20},"end":{"line":293,"column":39}},"75":{"start":{"line":294,"column":20},"end":{"line":294,"column":26}},"76":{"start":{"line":298,"column":18},"end":{"line":298,"column":26}},"77":{"start":{"line":300,"column":8},"end":{"line":304,"column":9}},"78":{"start":{"line":301,"column":12},"end":{"line":301,"column":36}},"79":{"start":{"line":302,"column":15},"end":{"line":304,"column":9}},"80":{"start":{"line":303,"column":12},"end":{"line":303,"column":43}},"81":{"start":{"line":305,"column":8},"end":{"line":305,"column":29}},"82":{"start":{"line":308,"column":4},"end":{"line":348,"column":7}},"83":{"start":{"line":321,"column":20},"end":{"line":321,"column":34}},"84":{"start":{"line":328,"column":20},"end":{"line":328,"column":40}},"85":{"start":{"line":329,"column":20},"end":{"line":329,"column":46}},"86":{"start":{"line":330,"column":20},"end":{"line":338,"column":21}},"87":{"start":{"line":334,"column":24},"end":{"line":334,"column":62}},"88":{"start":{"line":335,"column":24},"end":{"line":335,"column":38}},"89":{"start":{"line":337,"column":24},"end":{"line":337,"column":104}}},"fnMap":{"0":{"name":"(anonymous_0)","decl":{"start":{"line":23,"column":4},"end":{"line":23,"column":5}},"loc":{"start":{"line":23,"column":23},"end":{"line":46,"column":5}},"line":23},"1":{"name":"(anonymous_1)","decl":{"start":{"line":49,"column":23},"end":{"line":49,"column":24}},"loc":{"start":{"line":49,"column":35},"end":{"line":55,"column":5}},"line":49},"2":{"name":"(anonymous_2)","decl":{"start":{"line":58,"column":18},"end":{"line":58,"column":19}},"loc":{"start":{"line":58,"column":25},"end":{"line":91,"column":5}},"line":58},"3":{"name":"(anonymous_3)","decl":{"start":{"line":94,"column":23},"end":{"line":94,"column":24}},"loc":{"start":{"line":94,"column":35},"end":{"line":118,"column":5}},"line":94},"4":{"name":"(anonymous_4)","decl":{"start":{"line":103,"column":16},"end":{"line":103,"column":17}},"loc":{"start":{"line":103,"column":36},"end":{"line":114,"column":9}},"line":103},"5":{"name":"(anonymous_5)","decl":{"start":{"line":105,"column":37},"end":{"line":105,"column":38}},"loc":{"start":{"line":105,"column":45},"end":{"line":110,"column":17}},"line":105},"6":{"name":"(anonymous_6)","decl":{"start":{"line":114,"column":17},"end":{"line":114,"column":18}},"loc":{"start":{"line":114,"column":32},"end":{"line":117,"column":9}},"line":114},"7":{"name":"(anonymous_7)","decl":{"start":{"line":121,"column":24},"end":{"line":121,"column":25}},"loc":{"start":{"line":121,"column":36},"end":{"line":144,"column":5}},"line":121},"8":{"name":"(anonymous_8)","decl":{"start":{"line":124,"column":24},"end":{"line":124,"column":25}},"loc":{"start":{"line":124,"column":37},"end":{"line":131,"column":9}},"line":124},"9":{"name":"(anonymous_9)","decl":{"start":{"line":148,"column":28},"end":{"line":148,"column":29}},"loc":{"start":{"line":148,"column":38},"end":{"line":178,"column":5}},"line":148},"10":{"name":"(anonymous_10)","decl":{"start":{"line":166,"column":16},"end":{"line":166,"column":17}},"loc":{"start":{"line":166,"column":36},"end":{"line":174,"column":9}},"line":166},"11":{"name":"(anonymous_11)","decl":{"start":{"line":168,"column":37},"end":{"line":168,"column":38}},"loc":{"start":{"line":168,"column":45},"end":{"line":170,"column":17}},"line":168},"12":{"name":"(anonymous_12)","decl":{"start":{"line":174,"column":17},"end":{"line":174,"column":18}},"loc":{"start":{"line":174,"column":32},"end":{"line":177,"column":9}},"line":174},"13":{"name":"(anonymous_13)","decl":{"start":{"line":180,"column":29},"end":{"line":180,"column":30}},"loc":{"start":{"line":180,"column":39},"end":{"line":201,"column":5}},"line":180},"14":{"name":"(anonymous_14)","decl":{"start":{"line":190,"column":16},"end":{"line":190,"column":17}},"loc":{"start":{"line":190,"column":36},"end":{"line":197,"column":9}},"line":190},"15":{"name":"(anonymous_15)","decl":{"start":{"line":197,"column":17},"end":{"line":197,"column":18}},"loc":{"start":{"line":197,"column":32},"end":{"line":200,"column":9}},"line":197},"16":{"name":"(anonymous_16)","decl":{"start":{"line":204,"column":20},"end":{"line":204,"column":21}},"loc":{"start":{"line":204,"column":26},"end":{"line":242,"column":5}},"line":204},"17":{"name":"(anonymous_17)","decl":{"start":{"line":225,"column":36},"end":{"line":225,"column":37}},"loc":{"start":{"line":225,"column":48},"end":{"line":228,"column":29}},"line":225},"18":{"name":"(anonymous_18)","decl":{"start":{"line":233,"column":36},"end":{"line":233,"column":37}},"loc":{"start":{"line":233,"column":48},"end":{"line":236,"column":29}},"line":233},"19":{"name":"(anonymous_19)","decl":{"start":{"line":244,"column":4},"end":{"line":244,"column":5}},"loc":{"start":{"line":244,"column":13},"end":{"line":268,"column":5}},"line":244},"20":{"name":"(anonymous_20)","decl":{"start":{"line":274,"column":41},"end":{"line":274,"column":42}},"loc":{"start":{"line":274,"column":68},"end":{"line":349,"column":1}},"line":274},"21":{"name":"(anonymous_21)","decl":{"start":{"line":279,"column":19},"end":{"line":279,"column":20}},"loc":{"start":{"line":279,"column":32},"end":{"line":281,"column":5}},"line":279},"22":{"name":"(anonymous_22)","decl":{"start":{"line":283,"column":25},"end":{"line":283,"column":26}},"loc":{"start":{"line":283,"column":38},"end":{"line":285,"column":5}},"line":283},"23":{"name":"(anonymous_23)","decl":{"start":{"line":287,"column":20},"end":{"line":287,"column":21}},"loc":{"start":{"line":287,"column":33},"end":{"line":306,"column":5}},"line":287},"24":{"name":"removeItem","decl":{"start":{"line":290,"column":17},"end":{"line":290,"column":27}},"loc":{"start":{"line":290,"column":41},"end":{"line":297,"column":9}},"line":290},"25":{"name":"(anonymous_25)","decl":{"start":{"line":320,"column":24},"end":{"line":320,"column":25}},"loc":{"start":{"line":320,"column":41},"end":{"line":322,"column":17}},"line":320},"26":{"name":"(anonymous_26)","decl":{"start":{"line":327,"column":24},"end":{"line":327,"column":25}},"loc":{"start":{"line":327,"column":41},"end":{"line":341,"column":17}},"line":327}},"branchMap":{"0":{"loc":{"start":{"line":60,"column":8},"end":{"line":89,"column":9}},"type":"if","locations":[{"start":{"line":60,"column":8},"end":{"line":89,"column":9}},{"start":{"line":60,"column":8},"end":{"line":89,"column":9}}],"line":60},"1":{"loc":{"start":{"line":104,"column":12},"end":{"line":113,"column":13}},"type":"if","locations":[{"start":{"line":104,"column":12},"end":{"line":113,"column":13}},{"start":{"line":104,"column":12},"end":{"line":113,"column":13}}],"line":104},"2":{"loc":{"start":{"line":126,"column":12},"end":{"line":130,"column":13}},"type":"if","locations":[{"start":{"line":126,"column":12},"end":{"line":130,"column":13}},{"start":{"line":126,"column":12},"end":{"line":130,"column":13}}],"line":126},"3":{"loc":{"start":{"line":134,"column":8},"end":{"line":142,"column":9}},"type":"if","locations":[{"start":{"line":134,"column":8},"end":{"line":142,"column":9}},{"start":{"line":134,"column":8},"end":{"line":142,"column":9}}],"line":134},"4":{"loc":{"start":{"line":167,"column":12},"end":{"line":173,"column":13}},"type":"if","locations":[{"start":{"line":167,"column":12},"end":{"line":173,"column":13}},{"start":{"line":167,"column":12},"end":{"line":173,"column":13}}],"line":167},"5":{"loc":{"start":{"line":191,"column":12},"end":{"line":196,"column":13}},"type":"if","locations":[{"start":{"line":191,"column":12},"end":{"line":196,"column":13}},{"start":{"line":191,"column":12},"end":{"line":196,"column":13}}],"line":191},"6":{"loc":{"start":{"line":207,"column":8},"end":{"line":241,"column":9}},"type":"if","locations":[{"start":{"line":207,"column":8},"end":{"line":241,"column":9}},{"start":{"line":207,"column":8},"end":{"line":241,"column":9}}],"line":207},"7":{"loc":{"start":{"line":212,"column":12},"end":{"line":240,"column":13}},"type":"if","locations":[{"start":{"line":212,"column":12},"end":{"line":240,"column":13}},{"start":{"line":212,"column":12},"end":{"line":240,"column":13}}],"line":212},"8":{"loc":{"start":{"line":245,"column":8},"end":{"line":267,"column":9}},"type":"if","locations":[{"start":{"line":245,"column":8},"end":{"line":267,"column":9}},{"start":{"line":245,"column":8},"end":{"line":267,"column":9}}],"line":245},"9":{"loc":{"start":{"line":292,"column":16},"end":{"line":295,"column":17}},"type":"if","locations":[{"start":{"line":292,"column":16},"end":{"line":295,"column":17}},{"start":{"line":292,"column":16},"end":{"line":295,"column":17}}],"line":292},"10":{"loc":{"start":{"line":300,"column":8},"end":{"line":304,"column":9}},"type":"if","locations":[{"start":{"line":300,"column":8},"end":{"line":304,"column":9}},{"start":{"line":300,"column":8},"end":{"line":304,"column":9}}],"line":300},"11":{"loc":{"start":{"line":302,"column":15},"end":{"line":304,"column":9}},"type":"if","locations":[{"start":{"line":302,"column":15},"end":{"line":304,"column":9}},{"start":{"line":302,"column":15},"end":{"line":304,"column":9}}],"line":302},"12":{"loc":{"start":{"line":330,"column":20},"end":{"line":338,"column":21}},"type":"if","locations":[{"start":{"line":330,"column":20},"end":{"line":338,"column":21}},{"start":{"line":330,"column":20},"end":{"line":338,"column":21}}],"line":330},"13":{"loc":{"start":{"line":330,"column":24},"end":{"line":332,"column":54}},"type":"binary-expr","locations":[{"start":{"line":330,"column":25},"end":{"line":330,"column":43}},{"start":{"line":331,"column":28},"end":{"line":331,"column":47}},{"start":{"line":332,"column":28},"end":{"line":332,"column":53}}],"line":330}},"s":{"0":1,"1":1,"2":1,"3":1,"4":1,"5":1,"6":0,"7":0,"8":0,"9":0,"10":0,"11":0,"12":0,"13":0,"14":0,"15":0,"16":0,"17":0,"18":0,"19":0,"20":0,"21":0,"22":0,"23":0,"24":0,"25":0,"26":0,"27":0,"28":0,"29":0,"30":0,"31":0,"32":0,"33":0,"34":0,"35":0,"36":0,"37":0,"38":0,"39":0,"40":0,"41":0,"42":0,"43":0,"44":0,"45":0,"46":0,"47":0,"48":0,"49":0,"50":0,"51":0,"52":0,"53":0,"54":0,"55":0,"56":0,"57":0,"58":0,"59":0,"60":0,"61":0,"62":0,"63":1,"64":0,"65":0,"66":0,"67":0,"68":0,"69":0,"70":0,"71":0,"72":0,"73":0,"74":0,"75":0,"76":0,"77":0,"78":0,"79":0,"80":0,"81":0,"82":0,"83":0,"84":0,"85":0,"86":0,"87":0,"88":0,"89":0},"f":{"0":0,"1":0,"2":0,"3":0,"4":0,"5":0,"6":0,"7":0,"8":0,"9":0,"10":0,"11":0,"12":0,"13":0,"14":0,"15":0,"16":0,"17":0,"18":0,"19":0,"20":0,"21":0,"22":0,"23":0,"24":0,"25":0,"26":0},"b":{"0":[0,0],"1":[0,0],"2":[0,0],"3":[0,0],"4":[0,0],"5":[0,0],
[...]
,"end":{"line":19,"column":3}},{"start":{"line":17,"column":2},"end":{"line":19,"column":3}}],"line":17},"1":{"loc":{"start":{"line":63,"column":12},"end":{"line":89,"column":13}},"type":"if","locations":[{"start":{"line":63,"column":12},"end":{"line":89,"column":13}},{"start":{"line":63,"column":12},"end":{"line":89,"column":13}}],"line":63},"2":{"loc":{"start":{"line":79,"column":20},"end":{"line":85,"column":21}},"type":"if","locations":[{"start":{"line":79,"column":20},"end":{"line":85,"column":21}},{"start":{"line":79,"column":20},"end":{"line":85,"column":21}}],"line":79},"3":{"loc":{"start":{"line":106,"column":12},"end":{"line":110,"column":13}},"type":"if","locations":[{"start":{"line":106,"column":12},"end":{"line":110,"column":13}},{"start":{"line":106,"column":12},"end":{"line":110,"column":13}}],"line":106},"4":{"loc":{"start":{"line":127,"column":8},"end":{"line":157,"column":9}},"type":"if","locations":[{"start":{"line":127,"column":8},"end":{"line":157,"column":9}},{"start":{"line":127,"column":8},"end":{"line":157,"column":9}}],"line":127},"5":{"loc":{"start":{"line":142,"column":12},"end":{"line":154,"column":13}},"type":"if","locations":[{"start":{"line":142,"column":12},"end":{"line":154,"column":13}},{"start":{"line":142,"column":12},"end":{"line":154,"column":13}}],"line":142},"6":{"loc":{"start":{"line":162,"column":8},"end":{"line":189,"column":9}},"type":"if","locations":[{"start":{"line":162,"column":8},"end":{"line":189,"column":9}},{"start":{"line":162,"column":8},"end":{"line":189,"column":9}}],"line":162}},"s":{"0":1,"1":1,"2":1,"3":0,"4":0,"5":0,"6":0,"7":0,"8":0,"9":0,"10":0,"11":0,"12":0,"13":0,"14":0,"15":0,"16":0,"17":0,"18":0,"19":0,"20":0,"21":0,"22":0,"23":0,"24":0,"25":0,"26":0,"27":0,"28":0,"29":0,"30":0,"31":0,"32":0,"33":0,"34":0,"35":0,"36":0,"37":0,"38":0,"39":0,"40":0,"41":0,"42":0,"43":0},"f":{"0":0,"1":0,"2":0,"3":0,"4":0,"5":0,"6":0,"7":0,"8":0,"9":0,"10":0,"11":0,"12":0},"b":{"0":[0,0],"1":[0,0],"2":[0,0],"3":[0,0],"4":[0,0],"5":[0,0],"6":[0,0]},"_coverageSchema":"332fd63041d2c1bcb487cc26dd0d5f7d97098a6c","hash":"ceb21907fb75abfa957d758d5423a07601bd7b31"}
,"/Users/nicolas/Documents/PROJET/nativescript/DlearnHelsinki/src/pages/TeacherDashboard.js": {"path":"/Users/nicolas/Documents/PROJET/nativescript/DlearnHelsinki/src/pages/TeacherDashboard.js","statementMap":{"0":{"start":{"line":14,"column":4},"end":{"line":14,"column":17}},"1":{"start":{"line":15,"column":4},"end":{"line":18,"column":6}},"2":{"start":{"line":23,"column":4},"end":{"line":47,"column":6}},"3":{"start":{"line":24,"column":6},"end":{"line":24,"column":50}},"4":{"start":{"line":25,"column":6},"end":{"line":25,"column":18}},"5":{"start":{"line":28,"column":9},"end":{"line":47,"column":6}}},"fnMap":{"0":{"name":"(anonymous_0)","decl":{"start":{"line":13,"column":2},"end":{"line":13,"column":3}},"loc":{"start":{"line":13,"column":21},"end":{"line":19,"column":3}},"line":13},"1":{"name":"(anonymous_1)","decl":{"start":{"line":21,"column":2},"end":{"line":21,"column":3}},"loc":{"start":{"line":21,"column":11},"end":{"line":48,"column":3}},"line":21}},"branchMap":{"0":{"loc":{"start":{"line":23,"column":4},"end":{"line":47,"column":6}},"type":"if","locations":[{"start":{"line":23,"column":4},"end":{"line":47,"column":6}},{"start":{"line":23,"column":4},"end":{"line":47,"column":6}}],"line":23}},"s":{"0":0,"1":0,"2":0,"3":0,"4":0,"5":0},"f":{"0":0,"1":0},"b":{"0":[0,0]},"_coverageSchema":"332fd63041d2c1bcb487cc26dd0d5f7d97098a6c","hash":"787514ea2b4af151f4511a3c55b75f22383e75c7"}
,"/Users/nicolas/Documents/PROJET/nativescript/DlearnHelsinki/src/pages/TeacherGroupManagement.js": {"path":"/Users/nicolas/Documents/PROJET/nativescript/DlearnHelsinki/src/pages/TeacherGroupManagement.js","statementMap":{"0":{"start":{"line":13,"column":15},"end":{"line":13,"column":69}},"1":{"start":{"line":14,"column":17},"end":{"line":14,"column":19}},"2":{"start":{"line":15,"column":13},"end":{"line":15,"column":15}},"3":{"start":{"line":22,"column":8},"end":{"line":22,"column":21}},"4":{"start":{"line":23,"column":8},"end":{"line":23,"column":21}},"5":{"start":{"line":24,"column":8},"end":{"line":24,"column":20}},"6":{"start":{"line":25,"column":8},"end":{"line":28,"column":10}},"7":{"start":{"line":32,"column":16},"end":{"line":32,"column":18}},"8":{"start":{"line":36,"column":8},"end":{"line":36,"column":47}},"9":{"start":{"line":38,"column":8},"end":{"line":38,"column":23}},"10":{"start":{"line":42,"column":8},"end":{"line":42,"column":41}},"11":{"start":{"line":43,"column":8},"end":{"line":62,"column":11}},"12":{"start":{"line":50,"column":12},"end":{"line":58,"column":13}},"13":{"start":{"line":51,"column":16},"end":{"line":55,"column":19}},"14":{"start":{"line":52,"column":20},"end":{"line":52,"column":34}},"15":{"start":{"line":53,"column":20},"end":{"line":53,"column":47}},"16":{"start":{"line":57,"column":16},"end":{"line":57,"column":60}},"17":{"start":{"line":61,"column":12},"end":{"line":61,"column":29}},"18":{"start":{"line":66,"column":8},"end":{"line":66,"column":32}},"19":{"start":{"line":67,"column":8},"end":{"line":67,"column":29}},"20":{"start":{"line":71,"column":25},"end":{"line":71,"column":27}},"21":{"start":{"line":73,"column":8},"end":{"line":73,"column":28}},"22":{"start":{"line":74,"column":8},"end":{"line":77,"column":11}},"23":{"start":{"line":75,"column":12},"end":{"line":75,"column":114}},"24":{"start":{"line":79,"column":8},"end":{"line":79,"column":45}},"25":{"start":{"line":85,"column":8},"end":{"line":94,"column":9}}},"fnMap":{"0":{"name":"(anonymous_0)","decl":{"start":{"line":21,"column":4},"end":{"line":21,"column":5}},"loc":{"start":{"line":21,"column":22},"end":{"line":29,"column":5}},"line":21},"1":{"name":"(anonymous_1)","decl":{"start":{"line":31,"column":23},"end":{"line":31,"column":24}},"loc":{"start":{"line":31,"column":34},"end":{"line":39,"column":5}},"line":31},"2":{"name":"(anonymous_2)","decl":{"start":{"line":41,"column":20},"end":{"line":41,"column":21}},"loc":{"start":{"line":41,"column":31},"end":{"line":63,"column":5}},"line":41},"3":{"name":"(anonymous_3)","decl":{"start":{"line":49,"column":16},"end":{"line":49,"column":17}},"loc":{"start":{"line":49,"column":35},"end":{"line":59,"column":9}},"line":49},"4":{"name":"(anonymous_4)","decl":{"start":{"line":51,"column":37},"end":{"line":51,"column":38}},"loc":{"start":{"line":51,"column":45},"end":{"line":55,"column":17}},"line":51},"5":{"name":"(anonymous_5)","decl":{"start":{"line":59,"column":17},"end":{"line":59,"column":18}},"loc":{"start":{"line":59,"column":32},"end":{"line":62,"column":9}},"line":59},"6":{"name":"(anonymous_6)","decl":{"start":{"line":65,"column":4},"end":{"line":65,"column":5}},"loc":{"start":{"line":65,"column":24},"end":{"line":68,"column":5}},"line":65},"7":{"name":"(anonymous_7)","decl":{"start":{"line":70,"column":25},"end":{"line":70,"column":26}},"loc":{"start":{"line":70,"column":36},"end":{"line":80,"column":5}},"line":70},"8":{"name":"(anonymous_8)","decl":{"start":{"line":74,"column":23},"end":{"line":74,"column":24}},"loc":{"start":{"line":74,"column":35},"end":{"line":77,"column":9}},"line":74},"9":{"name":"(anonymous_9)","decl":{"start":{"line":84,"column":4},"end":{"line":84,"column":5}},"loc":{"start":{"line":84,"column":12},"end":{"line":95,"column":5}},"line":84}},"branchMap":{"0":{"loc":{"start":{"line":50,"column":12},"end":{"line":58,"column":13}},"type":"if","locations":[{"start":{"line":50,"column":12},"end":{"line":58,"column":13}},{"start":{"line":50,"column":12},"end":{"line":58,"column":13}}],"line":50}},"s":{"0":1,"1":1,"2":1,"3":0,"4":0,"5":0,"6":0,"7":0,"8":0,"9":0,"10":0,"11":0,"12":0,"13":0,"14":0,"15":0,"16":0,"17":0,"18":0,"19":0,"20":0,"21":0,"22":0,"23":0,"24":0,"25":0},"f":{"0":0,"1":0,"2":0,"3":0,"4":0,"5":0,"6":0,"7":0,"8":0,"9":0},"b":{"0":[0,0]},"_coverageSchema":"332fd63041d2c1bcb487cc26dd0d5f7d97098a6c","hash":"28b28125bcdc7d219c2c36fb755fbc3409916b27"}
,"/Users/nicolas/Documents/PROJET/nativescript/DlearnHelsinki/src/reducers/classReducer.js": {"path":"/Users/nicolas/Documents/PROJET/nativescript/DlearnHelsinki/src/reducers/classReducer.js","statementMap":{"0":{"start":{"line":1,"column":13},"end":{"line":1,"column":75}},"1":{"start":{"line":1,"column":75},"end":{"line":1,"column":101}},"2":{"start":{"line":5,"column":2},"end":{"line":28,"column":8}},"3":{"start":{"line":7,"column":8},"end":{"line":9,"column":55}},"4":{"start":{"line":13,"column":29},"end":{"line":13,"column":43}},"5":{"start":{"line":14,"column":26},"end":{"line":14,"column":43}},"6":{"start":{"line":15,"column":30},"end":{"line":15,"column":75}},"7":{"start":{"line":15,"column":59},"end":{"line":15,"column":74}},"8":{"start":{"line":16,"column":8},"end":{"line":16,"column":50}},"9":{"start":{"line":18,"column":8},"end":{"line":20,"column":31}},"10":{"start":{"line":24,"column":8},"end":{"line":26,"column":79}},"11":{"start":{"line":26,"column":47},"end":{"line":26,"column":74}},"12":{"start":{"line":31,"column":2},"end":{"line":31,"column":15}}},"fnMap":{"0":{"name":"reducer","decl":{"start":{"line":1,"column":110},"end":{"line":1,"column":117}},"loc":{"start":{"line":3,"column":8},"end":{"line":32,"column":1}},"line":3},"1":{"name":"(anonymous_1)","decl":{"start":{"line":15,"column":50},"end":{"line":15,"column":51}},"loc":{"start":{"line":15,"column":59},"end":{"line":15,"column":74}},"line":15},"2":{"name":"(anonymous_2)","decl":{"start":{"line":26,"column":38},"end":{"line":26,"column":39}},"loc":{"start":{"line":26,"column":47},"end":{"line":26,"column":74}},"line":26}},"branchMap":{"0":{"loc":{"start":{"line":1,"column":118},"end":{"line":2,"column":15}},"type":"default-arg","locations":[{"start":{"line":1,"column":126},"end":{"line":2,"column":15}}],"line":1},"1":{"loc":{"start":{"line":5,"column":2},"end":{"line":28,"column":8}},"type":"switch","locations":[{"start":{"line":6,"column":4},"end":{"line":11,"column":7}},{"start":{"line":12,"column":4},"end":{"line":22,"column":7}},{"start":{"line":23,"column":4},"end":{"line":28,"column":7}}],"line":5}},"s":{"0":0,"1":0,"2":0,"3":0,"4":0,"5":0,"6":0,"7":0,"8":0,"9":0,"10":0,"11":0,"12":0},"f":{"0":0,"1":0,"2":0},"b":{"0":[0],"1":[0,0,0]}}
,"/Users/nicolas/Documents/PROJET/nativescript/DlearnHelsinki/src/reducers/groupReducer.js": {"path":"/Users/nicolas/Documents/PROJET/nativescript/DlearnHelsinki/src/reducers/groupReducer.js","statementMap":{"0":{"start":{"line":1,"column":13},"end":{"line":1,"column":75}},"1":{"start":{"line":1,"column":75},"end":{"line":1,"column":101}},"2":{"start":{"line":5,"column":2},"end":{"line":28,"column":8}},"3":{"start":{"line":7,"column":8},"end":{"line":9,"column":55}},"4":{"start":{"line":13,"column":29},"end":{"line":13,"column":43}},"5":{"start":{"line":14,"column":26},"end":{"line":14,"column":43}},"6":{"start":{"line":15,"column":30},"end":{"line":15,"column":75}},"7":{"start":{"line":15,"column":59},"end":{"line":15,"column":74}},"8":{"start":{"line":16,"column":8},"end":{"line":16,"column":50}},"9":{"start":{"line":18,"column":8},"end":{"line":20,"column":31}},"10":{"start":{"line":24,"column":8},"end":{"line":26,"column":79}},"11":{"start":{"line":26,"column":47},"end":{"line":26,"column":74}},"12":{"start":{"line":31,"column":2},"end":{"line":31,"column":15}}},"fnMap":{"0":{"name":"reducer","decl":{"start":{"line":1,"column":110},"end":{"line":1,"column":117}},"loc":{"start":{"line":3,"column":8},"end":{"line":32,"column":1}},"line":3},"1":{"name":"(anonymous_1)","decl":{"start":{"line":15,"column":50},"end":{"line":15,"column":51}},"loc":{"start":{"line":15,"column":59},"end":{"line":15,"column":74}},"line":15},"2":{"name":"(anonymous_2)","decl":{"start":{"line":26,"column":38},"end":{"line":26,"column":39}},"loc":{"start":{"line":26,"column":47},"end":{"line":26,"column":74}},"line":26}},"branchMap":{"0":{"loc":{"start":{"line":1,"column":118},"end":{"line":2,"column":14}},"type":"default-arg","locations":[{"start":{"line":1,"column":126},"end":{"line":2,"column":14}}],"line":1},"1":{"loc":{"start":{"line":5,"column":2},"end":{"line":28,"column":8}},"type":"switch","locations":[{"start":{"line":6,"column":4},"end":{"line":11,"column":7}},{"start":{"line":12,"column":4},"end":{"line":22,"column":7}},{"start":{"line":23,"column":4},"end":{"line":28,"column":7}}],"line":5}},"s":{"0":0,"1":0,"2":0,"3":0,"4":0,"5":0,"6":0,"7":0,"8":0,"9":0,"10":0,"11":0,"12":0},"f":{"0":0,"1":0,"2":0},"b":{"0":[0],"1":[0,0,0]}}
,"/Users/nicolas/Documents/PROJET/nativescript/DlearnHelsinki/src/reducers/index.js": {"path":"/Users/nicolas/Documents/PROJET/nativescript/DlearnHelsinki/src/reducers/index.js","statementMap":{"0":{"start":{"line":1,"column":13},"end":{"line":1,"column":75}},"1":{"start":{"line":1,"column":88},"end":{"line":1,"column":104}},"2":{"start":{"line":3,"column":23},"end":{"line":3,"column":51}},"3":{"start":{"line":3,"column":76},"end":{"line":3,"column":116}},"4":{"start":{"line":4,"column":19},"end":{"line":4,"column":43}},"5":{"start":{"line":4,"column":64},"end":{"line":4,"column":100}},"6":{"start":{"line":5,"column":20},"end":{"line":5,"column":45}},"7":{"start":{"line":5,"column":67},"end":{"line":5,"column":104}},"8":{"start":{"line":6,"column":20},"end":{"line":6,"column":45}},"9":{"start":{"line":6,"column":67},"end":{"line":6,"column":104}},"10":{"start":{"line":7,"column":22},"end":{"line":7,"column":49}},"11":{"start":{"line":7,"column":73},"end":{"line":7,"column":112}},"12":{"start":{"line":7,"column":151},"end":{"line":7,"column":205}},"13":{"start":{"line":7,"column":206},"end":{"line":14,"column":39}}},"fnMap":{"0":{"name":"_interopRequireDefault","decl":{"start":{"line":7,"column":122},"end":{"line":7,"column":144}},"loc":{"start":{"line":7,"column":150},"end":{"line":7,"column":206}},"line":7}},"branchMap":{"0":{"loc":{"start":{"line":7,"column":158},"end":{"line":7,"column":204}},"type":"cond-expr","locations":[{"start":{"line":7,"column":182},"end":{"line":7,"column":185}},{"start":{"line":7,"column":188},"end":{"line":7,"column":204}}],"line":7},"1":{"loc":{"start":{"line":7,"column":158},"end":{"line":7,"column":179}},"type":"binary-expr","locations":[{"start":{"line":7,"column":158},"end":{"line":7,"column":161}},{"start":{"line":7,"column":165},"end":{"line":7,"column":179}}],"line":7}},"s":{"0":0,"1":0,"2":0,"3":0,"4":0,"5":0,"6":0,"7":0,"8":0,"9":0,"10":0,"11":0,"12":0,"13":0},"f":{"0":0},"b":{"0":[0,0],"1":[0,0]}}
,"/Users/nicolas/Documents/PROJET/nativescript/DlearnHelsinki/src/reducers/settingsReducer.js": {"path":"/Users/nicolas/Documents/PROJET/nativescript/DlearnHelsinki/src/reducers/settingsReducer.js","statementMap":{"0":{"start":{"line":1,"column":13},"end":{"line":1,"column":75}},"1":{"start":{"line":1,"column":75},"end":{"line":1,"column":101}},"2":{"start":{"line":5,"column":2},"end":{"line":11,"column":8}},"3":{"start":{"line":7,"column":8},"end":{"line":9,"column":37}},"4":{"start":{"line":14,"column":2},"end":{"line":14,"column":15}}},"fnMap":{"0":{"name":"reducer","decl":{"start":{"line":1,"column":110},"end":{"line":1,"column":117}},"loc":{"start":{"line":3,"column":8},"end":{"line":15,"column":1}},"line":3}},"branchMap":{"0":{"loc":{"start":{"line":1,"column":118},"end":{"line":2,"column":68}},"type":"default-arg","locations":[{"start":{"line":1,"column":126},"end":{"line":2,"column":68}}],"line":1},"1":{"loc":{"start":{"line":5,"column":2},"end":{"line":11,"column":8}},"type":"switch","locations":[{"start":{"line":6,"column":4},"end":{"line":11,"column":7}}],"line":5}},"s":{"0":0,"1":0,"2":0,"3":0,"4":0},"f":{"0":0},"b":{"0":[0],"1":[0]}}
,"/Users/nicolas/Documents/PROJET/nativescript/DlearnHelsinki/src/reducers/studentReducer.js": {"path":"/Users/nicolas/Documents/PROJET/nativescript/DlearnHelsinki/src/reducers/studentReducer.js","statementMap":{"0":{"start":{"line":1,"column":13},"end":{"line":1,"column":75}},"1":{"start":{"line":1,"column":75},"end":{"line":1,"column":101}},"2":{"start":{"line":5,"column":2},"end":{"line":28,"column":8}},"3":{"start":{"line":7,"column":8},"end":{"line":9,"column":55}},"4":{"start":{"line":13,"column":29},"end":{"line":13,"column":43}},"5":{"start":{"line":14,"column":26},"end":{"line":14,"column":43}},"6":{"start":{"line":15,"column":30},"end":{"line":15,"column":75}},"7":{"start":{"line":15,"column":59},"end":{"line":15,"column":74}},"8":{"start":{"line":16,"column":8},"end":{"line":16,"column":50}},"9":{"start":{"line":18,"column":8},"end":{"line":20,"column":31}},"10":{"start":{"line":24,"column":8},"end":{"line":26,"column":79}},"11":{"start":{"line":26,"column":47},"end":{"line":26,"column":74}},"12":{"start":{"line":31,"column":2},"end":{"line":31,"column":15}}},"fnMap":{"0":{"name":"reducer","decl":{"start":{"line":1,"column":110},"end":{"line":1,"column":117}},"loc":{"start":{"line":3,"column":8},"end":{"line":32,"column":1}},"line":3},"1":{"name":"(anonymous_1)","decl":{"start":{"line":15,"column":50},"end":{"line":15,"column":51}},"loc":{"start":{"line":15,"column":59},"end":{"line":15,"column":74}},"line":15},"2":{"name":"(anonymous_2)","decl":{"start":{"line":26,"column":38},"end":{"line":26,"column":39}},"loc":{"start":{"line":26,"column":47},"end":{"line":26,"column":74}},"line":26}},"branchMap":{"0":{"loc":{"start":{"line":1,"column":118},"end":{"line":2,"column":16}},"type":"default-arg","locations":[{"start":{"line":1,"column":126},"end":{"line":2,"column":16}}],"line":1},"1":{"loc":{"start":{"line":5,"column":2},"end":{"line":28,"column":8}},"type":"switch","locations":[{"start":{"line":6,"column":4},"end":{"line":11,"column":7}},{"start":{"line":12,"column":4},"end":{"line":22,"column":7}},{"start":{"line":23,"column":4},"end":{"line":28,"column":7}}],"line":5}},"s":{"0":0,"1":0,"2":0,"3":0,"4":0,"5":0,"6":0,"7":0,"8":0,"9":0,"10":0,"11":0,"12":0},"f":{"0":0,"1":0,"2":0},"b":{"0":[0],"1":[0,0,0]}}
,"/Users/nicolas/Documents/PROJET/nativescript/DlearnHelsinki/src/reducers/userReducer.js": {"path":"/Users/nicolas/Documents/PROJET/nativescript/DlearnHelsinki/src/reducers/userReducer.js","statementMap":{"0":{"start":{"line":1,"column":13},"end":{"line":1,"column":75}},"1":{"start":{"line":1,"column":75},"end":{"line":1,"column":101}},"2":{"start":{"line":18,"column":2},"end":{"line":62,"column":8}},"3":{"start":{"line":20,"column":8},"end":{"line":20,"column":60}},"4":{"start":{"line":23,"column":8},"end":{"line":23,"column":84}},"5":{"start":{"line":26,"column":8},"end":{"line":30,"column":34}},"6":{"start":{"line":34,"column":8},"end":{"line":36,"column":73}},"7":{"start":{"line":40,"column":8},"end":{"line":42,"column":75}},"8":{"start":{"line":46,"column":8},"end":{"line":48,"column":75}},"9":{"start":{"line":52,"column":8},"end":{"line":54,"column":76}},"10":{"start":{"line":58,"column":8},"end":{"line":60,"column":75}},"11":{"start":{"line":65,"column":2},"end":{"line":65,"column":15}}},"fnMap":{"0":{"name":"reducer","decl":{"start":{"line":1,"column":110},"end":{"line":1,"column":117}},"loc":{"start":{"line":16,"column":8},"end":{"line":66,"column":1}},"line":16}},"branchMap":{"0":{"loc":{"start":{"line":1,"column":118},"end":{"line":15,"column":15}},"type":"default-arg","locations":[{"start":{"line":1,"column":126},"end":{"line":15,"column":15}}],"line":1},"1":{"loc":{"start":{"line":18,"column":2},"end":{"line":62,"column":8}},"type":"switch","locations":[{"start":{"line":19,"column":4},"end":{"line":21,"column":7}},{"start":{"line":22,"column":4},"end":{"line":24,"column":7}},{"start":{"line":25,"column":4},"end":{"line":32,"column":7}},{"start":{"line":33,"column":4},"end":{"line":38,"column":7}},{"start":{"line":39,"column":4},"end":{"line":44,"column":7}},{"start":{"line":45,"column":4},"end":{"line":50,"column":7}},{"start":{"line":51,"column":4},"end":{"line":56,"column":7}},{"start":{"line":57,"column":4},"end":{"line":62,"column":7}}],"line":18}},"s":{"0":0,"1":0,"2":0,"3":0,"4":0,"5":0,"6":0,"7":0,"8":0,"9":0,"10":0,"11":0},"f":{"0":0},"b":{"0":[0],"1":[0,0,0,0,0,0,0,0]}}
}
