TN:
SF:/Users/nicolas/Documents/PROJET/nativescript/DlearnHelsinki/src/App.js
FN:24,(anonymous_0)
FNF:1
FNH:1
FNDA:1,(anonymous_0)
DA:26,1
LF:1
LH:1
BRF:0
BRH:0
end_of_record
TN:
SF:/Users/nicolas/Documents/PROJET/nativescript/DlearnHelsinki/src/index.js
FN:7,_interopRequireDefault
FNF:1
FNH:0
FNDA:0,_interopRequireDefault
DA:1,0
DA:2,0
DA:3,0
DA:4,0
DA:5,0
DA:6,0
DA:7,0
DA:9,0
DA:17,0
LF:9
LH:0
BRDA:7,0,0,0
BRDA:7,0,1,0
BRDA:7,1,0,0
BRDA:7,1,1,0
BRF:4
BRH:0
end_of_record
TN:
SF:/Users/nicolas/Documents/PROJET/nativescript/DlearnHelsinki/src/registerServiceWorker.js
FN:111,register
FN:115,(anonymous_1)
FN:117,registerValidSW
FN:117,(anonymous_3)
FN:117,(anonymous_4)
FN:117,(anonymous_5)
FN:124,(anonymous_6)
FN:124,checkValidServiceWorker
FN:125,(anonymous_8)
FN:127,(anonymous_9)
FN:127,(anonymous_10)
FN:128,(anonymous_11)
FN:128,unregister
FN:128,(anonymous_13)
FNF:14
FNH:0
FNDA:0,register
FNDA:0,(anonymous_1)
FNDA:0,registerValidSW
FNDA:0,(anonymous_3)
FNDA:0,(anonymous_4)
FNDA:0,(anonymous_5)
FNDA:0,(anonymous_6)
FNDA:0,checkValidServiceWorker
FNDA:0,(anonymous_8)
FNDA:0,(anonymous_9)
FNDA:0,(anonymous_10)
FNDA:0,(anonymous_11)
FNDA:0,unregister
FNDA:0,(anonymous_13)
DA:1,0
DA:21,0
DA:109,0
DA:111,0
DA:112,0
DA:115,0
DA:116,0
DA:117,0
DA:121,0
DA:124,0
DA:125,0
DA:126,0
DA:127,0
DA:128,0
LF:14
LH:0
BRDA:109,0,0,0
BRDA:109,0,1,0
BRDA:109,0,2,0
BRDA:111,1,0,0
BRDA:111,1,1,0
BRDA:111,2,0,0
BRDA:111,2,1,0
BRDA:112,3,0,0
BRDA:112,3,1,0
BRDA:115,4,0,0
BRDA:115,4,1,0
BRDA:117,5,0,0
BRDA:117,5,1,0
BRDA:117,6,0,0
BRDA:117,6,1,0
BRDA:126,7,0,0
BRDA:126,7,1,0
BRDA:126,8,0,0
BRDA:126,8,1,0
BRDA:128,9,0,0
BRDA:128,9,1,0
BRF:21
BRH:0
end_of_record
TN:
SF:/Users/nicolas/Documents/PROJET/nativescript/DlearnHelsinki/src/store.js
FN:7,_interopRequireDefault
FNF:1
FNH:0
FNDA:0,_interopRequireDefault
DA:1,0
DA:3,0
DA:4,0
DA:5,0
DA:7,0
DA:9,0
LF:6
LH:0
BRDA:7,0,0,0
BRDA:7,0,1,0
BRDA:7,1,0,0
BRDA:7,1,1,0
BRF:4
BRH:0
end_of_record
TN:
SF:/Users/nicolas/Documents/PROJET/nativescript/DlearnHelsinki/src/actions/classActions.js
FN:1,fetchClasses
FNF:1
FNH:0
FNDA:0,fetchClasses
DA:1,0
DA:2,0
LF:2
LH:0
BRF:0
BRH:0
end_of_record
TN:
SF:/Users/nicolas/Documents/PROJET/nativescript/DlearnHelsinki/src/actions/groupActions.js
FN:1,fetchGroups
FNF:1
FNH:0
FNDA:0,fetchGroups
DA:1,0
DA:2,0
LF:2
LH:0
BRF:0
BRH:0
end_of_record
TN:
SF:/Users/nicolas/Documents/PROJET/nativescript/DlearnHelsinki/src/actions/settingsActions.js
FN:1,setBaseURL
FNF:1
FNH:0
FNDA:0,setBaseURL
DA:1,0
DA:2,0
LF:2
LH:0
BRF:0
BRH:0
end_of_record
TN:
SF:/Users/nicolas/Documents/PROJET/nativescript/DlearnHelsinki/src/actions/studentActions.js
FN:1,addStudent
FNF:1
FNH:0
FNDA:0,addStudent
DA:1,0
DA:2,0
LF:2
LH:0
BRF:0
BRH:0
end_of_record
TN:
SF:/Users/nicolas/Documents/PROJET/nativescript/DlearnHelsinki/src/actions/userActions.js
FN:1,setUserId
FN:8,setUserName
FN:15,setUserType
FN:22,setUserLogin
FN:29,setUserHash
FNF:5
FNH:0
FNDA:0,setUserId
FNDA:0,setUserName
FNDA:0,setUserType
FNDA:0,setUserLogin
FNDA:0,setUserHash
DA:2,0
DA:9,0
DA:16,0
DA:23,0
DA:30,0
LF:5
LH:0
BRF:0
BRH:0
end_of_record
TN:
SF:/Users/nicolas/Documents/PROJET/nativescript/DlearnHelsinki/src/components/Footer.js
FN:6,(anonymous_0)
FNF:1
FNH:1
FNDA:1,(anonymous_0)
DA:8,1
LF:1
LH:1
BRF:0
BRH:0
end_of_record
TN:
SF:/Users/nicolas/Documents/PROJET/nativescript/DlearnHelsinki/src/components/Header.js
FN:6,(anonymous_0)
FNF:1
FNH:1
FNDA:1,(anonymous_0)
DA:7,1
LF:1
LH:1
BRF:0
BRH:0
end_of_record
TN:
SF:/Users/nicolas/Documents/PROJET/nativescript/DlearnHelsinki/src/components/shared/GraphRenderer.js
FN:16,(anonymous_0)
FN:24,(anonymous_1)
FN:34,(anonymous_2)
FN:42,(anonymous_3)
FN:44,(anonymous_4)
FN:50,(anonymous_5)
FN:56,(anonymous_6)
FN:62,(anonymous_7)
FN:77,(anonymous_8)
FN:81,(anonymous_9)
FN:96,(anonymous_10)
FN:100,(anonymous_11)
FN:101,(anonymous_12)
FN:119,(anonymous_13)
FNF:14
FNH:0
FNDA:0,(anonymous_0)
FNDA:0,(anonymous_1)
FNDA:0,(anonymous_2)
FNDA:0,(anonymous_3)
FNDA:0,(anonymous_4)
FNDA:0,(anonymous_5)
FNDA:0,(anonymous_6)
FNDA:0,(anonymous_7)
FNDA:0,(anonymous_8)
FNDA:0,(anonymous_9)
FNDA:0,(anonymous_10)
FNDA:0,(anonymous_11)
FNDA:0,(anonymous_12)
FNDA:0,(anonymous_13)
DA:4,1
DA:9,1
DA:10,1
DA:12,1
DA:17,0
DA:18,0
DA:19,0
DA:25,0
DA:29,0
DA:31,0
DA:35,0
DA:36,0
DA:43,0
DA:44,0
DA:45,0
DA:48,0
DA:52,0
DA:57,0
DA:58,0
DA:63,0
DA:65,0
DA:66,0
DA:74,0
DA:78,0
DA:79,0
DA:80,0
DA:81,0
DA:82,0
DA:83,0
DA:92,0
DA:93,0
DA:97,0
DA:98,0
DA:100,0
DA:101,0
DA:102,0
DA:109,0
DA:110,0
DA:114,0
DA:121,0
LF:40
LH:4
BRDA:43,0,0,0
BRDA:43,0,1,0
BRF:2
BRH:0
end_of_record
TN:
SF:/Users/nicolas/Documents/PROJET/nativescript/DlearnHelsinki/src/components/shared/HistoryDisplay.js
FN:10,(anonymous_0)
FN:20,(anonymous_1)
FN:29,(anonymous_2)
FN:34,(anonymous_3)
FN:37,(anonymous_4)
FNF:5
FNH:0
FNDA:0,(anonymous_0)
FNDA:0,(anonymous_1)
FNDA:0,(anonymous_2)
FNDA:0,(anonymous_3)
FNDA:0,(anonymous_4)
DA:3,1
DA:7,1
DA:11,0
DA:13,0
DA:15,0
DA:21,0
DA:22,0
DA:31,0
DA:35,0
DA:36,0
DA:37,0
DA:38,0
DA:39,0
DA:44,0
DA:48,0
LF:15
LH:2
BRDA:21,0,0,0
BRDA:21,0,1,0
BRDA:38,1,0,0
BRDA:38,1,1,0
BRF:4
BRH:0
end_of_record
TN:
SF:/Users/nicolas/Documents/PROJET/nativescript/DlearnHelsinki/src/components/shared/HistoryFinder.js
FN:25,(anonymous_0)
FN:33,(anonymous_1)
FN:38,(anonymous_2)
FN:42,(anonymous_3)
FN:46,(anonymous_4)
FN:50,(anonymous_5)
FNF:6
FNH:0
FNDA:0,(anonymous_0)
FNDA:0,(anonymous_1)
FNDA:0,(anonymous_2)
FNDA:0,(anonymous_3)
FNDA:0,(anonymous_4)
FNDA:0,(anonymous_5)
DA:13,1
DA:17,1
DA:26,0
DA:27,0
DA:28,0
DA:29,0
DA:30,0
DA:34,0
DA:35,0
DA:39,0
DA:43,0
DA:47,0
DA:52,0
LF:13
LH:2
BRF:0
BRH:0
end_of_record
TN:
SF:/Users/nicolas/Documents/PROJET/nativescript/DlearnHelsinki/src/components/shared/LinearGraph.js
FN:14,(anonymous_0)
FN:73,(anonymous_1)
FN:78,(anonymous_2)
FN:88,(anonymous_3)
FN:94,(anonymous_4)
FN:124,(anonymous_5)
FN:141,cutHex
FN:142,hexToR
FN:143,hexToG
FN:144,hexToB
FN:154,(anonymous_10)
FNF:11
FNH:0
FNDA:0,(anonymous_0)
FNDA:0,(anonymous_1)
FNDA:0,(anonymous_2)
FNDA:0,(anonymous_3)
FNDA:0,(anonymous_4)
FNDA:0,(anonymous_5)
FNDA:0,cutHex
FNDA:0,hexToR
FNDA:0,hexToG
FNDA:0,hexToB
FNDA:0,(anonymous_10)
DA:4,1
DA:5,1
DA:6,1
DA:15,0
DA:17,0
DA:18,0
DA:21,0
DA:79,0
DA:80,0
DA:81,0
DA:82,0
DA:89,0
DA:96,0
DA:97,0
DA:100,0
DA:101,0
DA:102,0
DA:104,0
DA:105,0
DA:107,0
DA:108,0
DA:110,0
DA:111,0
DA:113,0
DA:114,0
DA:117,0
DA:118,0
DA:127,0
DA:128,0
DA:131,0
DA:132,0
DA:133,0
DA:135,0
DA:136,0
DA:137,0
DA:138,0
DA:141,0
DA:142,0
DA:143,0
DA:144,0
DA:146,0
DA:147,0
DA:148,0
DA:150,0
DA:155,0
LF:45
LH:3
BRDA:17,0,0,0
BRDA:17,0,1,0
BRDA:79,1,0,0
BRDA:79,1,1,0
BRDA:101,2,0,0
BRDA:101,2,1,0
BRDA:104,3,0,0
BRDA:104,3,1,0
BRDA:107,4,0,0
BRDA:107,4,1,0
BRDA:110,5,0,0
BRDA:110,5,1,0
BRDA:113,6,0,0
BRDA:113,6,1,0
BRDA:127,7,0,0
BRDA:127,7,1,0
BRDA:141,8,0,0
BRDA:141,8,1,0
BRF:18
BRH:0
end_of_record
TN:
SF:/Users/nicolas/Documents/PROJET/nativescript/DlearnHelsinki/src/components/shared/SpiderGraph.js
FN:16,(anonymous_0)
FN:44,(anonymous_1)
FN:49,(anonymous_2)
FN:59,(anonymous_3)
FN:64,(anonymous_4)
FN:71,(anonymous_5)
FN:119,(anonymous_6)
FN:131,(anonymous_7)
FN:133,(anonymous_8)
FN:134,(anonymous_9)
FN:150,(anonymous_10)
FN:177,(anonymous_11)
FN:184,(anonymous_12)
FN:201,cutHex
FN:202,hexToR
FN:203,hexToG
FN:204,hexToB
FN:214,(anonymous_17)
FNF:18
FNH:0
FNDA:0,(anonymous_0)
FNDA:0,(anonymous_1)
FNDA:0,(anonymous_2)
FNDA:0,(anonymous_3)
FNDA:0,(anonymous_4)
FNDA:0,(anonymous_5)
FNDA:0,(anonymous_6)
FNDA:0,(anonymous_7)
FNDA:0,(anonymous_8)
FNDA:0,(anonymous_9)
FNDA:0,(anonymous_10)
FNDA:0,(anonymous_11)
FNDA:0,(anonymous_12)
FNDA:0,cutHex
FNDA:0,hexToR
FNDA:0,hexToG
FNDA:0,hexToB
FNDA:0,(anonymous_17)
DA:5,1
DA:6,1
DA:7,1
DA:9,1
DA:17,0
DA:19,0
DA:21,0
DA:41,0
DA:50,0
DA:51,0
DA:52,0
DA:53,0
DA:60,0
DA:61,0
DA:75,0
DA:78,0
DA:79,0
DA:82,0
DA:83,0
DA:85,0
DA:86,0
DA:88,0
DA:89,0
DA:93,0
DA:95,0
DA:96,0
DA:98,0
DA:99,0
DA:101,0
DA:102,0
DA:106,0
DA:109,0
DA:110,0
DA:114,0
DA:115,0
DA:120,0
DA:121,0
DA:122,0
DA:125,0
DA:132,0
DA:133,0
DA:134,0
DA:135,0
DA:142,0
DA:146,0
DA:148,0
DA:149,0
DA:150,0
DA:151,0
DA:152,0
DA:156,0
DA:171,0
DA:175,0
DA:179,0
DA:187,0
DA:188,0
DA:191,0
DA:192,0
DA:193,0
DA:195,0
DA:196,0
DA:197,0
DA:198,0
DA:201,0
DA:202,0
DA:203,0
DA:204,0
DA:206,0
DA:207,0
DA:208,0
DA:210,0
DA:216,0
DA:227,0
DA:228,0
DA:235,0
LF:75
LH:4
BRDA:50,0,0,0
BRDA:50,0,1,0
BRDA:78,1,0,0
BRDA:78,1,1,0
BRDA:82,2,0,0
BRDA:82,2,1,0
BRDA:85,3,0,0
BRDA:85,3,1,0
BRDA:88,4,0,0
BRDA:88,4,1,0
BRDA:95,5,0,0
BRDA:95,5,1,0
BRDA:98,6,0,0
BRDA:98,6,1,0
BRDA:101,7,0,0
BRDA:101,7,1,0
BRDA:109,8,0,0
BRDA:109,8,1,0
BRDA:132,9,0,0
BRDA:132,9,1,0
BRDA:146,10,0,0
BRDA:146,10,1,0
BRDA:187,11,0,0
BRDA:187,11,1,0
BRDA:201,12,0,0
BRDA:201,12,1,0
BRDA:227,13,0,0
BRDA:227,13,1,0
BRF:28
BRH:0
end_of_record
TN:
SF:/Users/nicolas/Documents/PROJET/nativescript/DlearnHelsinki/src/components/teacherCompo/Group.js
FN:14,(anonymous_0)
FN:26,(anonymous_1)
FN:50,(anonymous_2)
FN:74,(anonymous_3)
FN:79,(anonymous_4)
FN:80,(anonymous_5)
FN:91,(anonymous_6)
FN:97,(anonymous_7)
FN:101,(anonymous_8)
FN:104,(anonymous_9)
FN:122,(anonymous_10)
FNF:11
FNH:0
FNDA:0,(anonymous_0)
FNDA:0,(anonymous_1)
FNDA:0,(anonymous_2)
FNDA:0,(anonymous_3)
FNDA:0,(anonymous_4)
FNDA:0,(anonymous_5)
FNDA:0,(anonymous_6)
FNDA:0,(anonymous_7)
FNDA:0,(anonymous_8)
FNDA:0,(anonymous_9)
FNDA:0,(anonymous_10)
DA:8,1
DA:15,0
DA:16,0
DA:17,0
DA:46,0
DA:47,0
DA:51,0
DA:52,0
DA:53,0
DA:75,0
DA:80,0
DA:91,1
DA:92,0
DA:93,0
DA:94,0
DA:96,0
DA:97,0
DA:98,0
DA:101,0
DA:102,0
DA:104,0
DA:105,0
DA:107,0
DA:108,0
DA:110,0
DA:124,0
LF:26
LH:2
BRF:0
BRH:0
end_of_record
TN:
SF:/Users/nicolas/Documents/PROJET/nativescript/DlearnHelsinki/src/components/teacherCompo/GroupManagmentButton.js
FN:17,(anonymous_0)
FN:25,(anonymous_1)
FN:29,(anonymous_2)
FNF:3
FNH:0
FNDA:0,(anonymous_0)
FNDA:0,(anonymous_1)
FNDA:0,(anonymous_2)
DA:7,1
DA:18,0
DA:19,0
DA:30,0
LF:4
LH:1
BRF:0
BRH:0
end_of_record
TN:
SF:/Users/nicolas/Documents/PROJET/nativescript/DlearnHelsinki/src/components/teacherCompo/HeadbandsLastResults.js
FN:27,(anonymous_0)
FN:45,(anonymous_1)
FN:47,(anonymous_2)
FN:66,(anonymous_3)
FN:76,(anonymous_4)
FN:86,(anonymous_5)
FN:88,(anonymous_6)
FN:95,(anonymous_7)
FN:101,(anonymous_8)
FN:101,(anonymous_9)
FN:109,(anonymous_10)
FNF:11
FNH:0
FNDA:0,(anonymous_0)
FNDA:0,(anonymous_1)
FNDA:0,(anonymous_2)
FNDA:0,(anonymous_3)
FNDA:0,(anonymous_4)
FNDA:0,(anonymous_5)
FNDA:0,(anonymous_6)
FNDA:0,(anonymous_7)
FNDA:0,(anonymous_8)
FNDA:0,(anonymous_9)
FNDA:0,(anonymous_10)
DA:6,1
DA:13,1
DA:18,1
DA:19,1
DA:22,1
DA:28,0
DA:30,0
DA:32,0
DA:34,0
DA:41,0
DA:42,0
DA:46,0
DA:47,0
DA:48,0
DA:58,0
DA:67,0
DA:71,0
DA:73,0
DA:78,0
DA:80,0
DA:87,0
DA:88,0
DA:89,0
DA:90,0
DA:93,0
DA:97,0
DA:101,0
DA:102,0
DA:103,0
DA:112,0
DA:120,0
DA:121,0
DA:128,0
LF:33
LH:5
BRDA:87,0,0,0
BRDA:87,0,1,0
BRDA:120,1,0,0
BRDA:120,1,1,0
BRF:4
BRH:0
end_of_record
TN:
SF:/Users/nicolas/Documents/PROJET/nativescript/DlearnHelsinki/src/components/teacherCompo/HistoryButton.js
FN:16,(anonymous_0)
FN:24,(anonymous_1)
FN:28,(anonymous_2)
FNF:3
FNH:0
FNDA:0,(anonymous_0)
FNDA:0,(anonymous_1)
FNDA:0,(anonymous_2)
DA:6,1
DA:17,0
DA:18,0
DA:29,0
LF:4
LH:1
BRF:0
BRH:0
end_of_record
TN:
SF:/Users/nicolas/Documents/PROJET/nativescript/DlearnHelsinki/src/components/teacherCompo/InfoStudent.js
FN:5,(anonymous_0)
FN:9,(anonymous_1)
FNF:2
FNH:0
FNDA:0,(anonymous_0)
FNDA:0,(anonymous_1)
DA:6,0
DA:10,0
LF:2
LH:0
BRF:0
BRH:0
end_of_record
TN:
SF:/Users/nicolas/Documents/PROJET/nativescript/DlearnHelsinki/src/components/teacherCompo/OpenSurveyButton.js
FN:23,(anonymous_0)
FN:49,(anonymous_1)
FN:58,(anonymous_2)
FN:94,(anonymous_3)
FN:103,(anonymous_4)
FN:105,(anonymous_5)
FN:114,(anonymous_6)
FN:121,(anonymous_7)
FN:124,(anonymous_8)
FN:148,(anonymous_9)
FN:166,(anonymous_10)
FN:168,(anonymous_11)
FN:174,(anonymous_12)
FN:180,(anonymous_13)
FN:190,(anonymous_14)
FN:197,(anonymous_15)
FN:204,(anonymous_16)
FN:225,(anonymous_17)
FN:233,(anonymous_18)
FN:244,(anonymous_19)
FN:274,(anonymous_20)
FN:279,(anonymous_21)
FN:283,(anonymous_22)
FN:287,(anonymous_23)
FN:290,removeItem
FN:320,(anonymous_25)
FN:327,(anonymous_26)
FNF:27
FNH:0
FNDA:0,(anonymous_0)
FNDA:0,(anonymous_1)
FNDA:0,(anonymous_2)
FNDA:0,(anonymous_3)
FNDA:0,(anonymous_4)
FNDA:0,(anonymous_5)
FNDA:0,(anonymous_6)
FNDA:0,(anonymous_7)
FNDA:0,(anonymous_8)
FNDA:0,(anonymous_9)
FNDA:0,(anonymous_10)
FNDA:0,(anonymous_11)
FNDA:0,(anonymous_12)
FNDA:0,(anonymous_13)
FNDA:0,(anonymous_14)
FNDA:0,(anonymous_15)
FNDA:0,(anonymous_16)
FNDA:0,(anonymous_17)
FNDA:0,(anonymous_18)
FNDA:0,(anonymous_19)
FNDA:0,(anonymous_20)
FNDA:0,(anonymous_21)
FNDA:0,(anonymous_22)
FNDA:0,(anonymous_23)
FNDA:0,removeItem
FNDA:0,(anonymous_25)
FNDA:0,(anonymous_26)
DA:13,1
DA:14,1
DA:15,1
DA:16,1
DA:18,1
DA:19,1
DA:24,0
DA:25,0
DA:26,0
DA:28,0
DA:44,0
DA:45,0
DA:51,0
DA:52,0
DA:53,0
DA:60,0
DA:61,0
DA:76,0
DA:95,0
DA:97,0
DA:104,0
DA:105,0
DA:106,0
DA:107,0
DA:109,0
DA:112,0
DA:116,0
DA:123,0
DA:124,0
DA:125,0
DA:126,0
DA:127,0
DA:128,0
DA:129,0
DA:134,0
DA:135,0
DA:149,0
DA:151,0
DA:155,0
DA:157,0
DA:167,0
DA:168,0
DA:169,0
DA:172,0
DA:176,0
DA:182,0
DA:191,0
DA:192,0
DA:193,0
DA:195,0
DA:199,0
DA:206,0
DA:207,0
DA:208,0
DA:212,0
DA:213,0
DA:216,0
DA:227,0
DA:234,0
DA:235,0
DA:245,0
DA:246,0
DA:256,0
DA:274,1
DA:275,0
DA:276,0
DA:277,0
DA:279,0
DA:280,0
DA:283,0
DA:284,0
DA:287,0
DA:291,0
DA:292,0
DA:293,0
DA:294,0
DA:298,0
DA:300,0
DA:301,0
DA:302,0
DA:303,0
DA:305,0
DA:308,0
DA:321,0
DA:328,0
DA:329,0
DA:330,0
DA:334,0
DA:335,0
DA:337,0
LF:90
LH:7
BRDA:60,0,0,0
BRDA:60,0,1,0
BRDA:104,1,0,0
BRDA:104,1,1,0
BRDA:126,2,0,0
BRDA:126,2,1,0
BRDA:134,3,0,0
BRDA:134,3,1,0
BRDA:167,4,0,0
BRDA:167,4,1,0
BRDA:191,5,0,0
BRDA:191,5,1,0
BRDA:207,6,0,0
BRDA:207,6,1,0
BRDA:212,7,0,0
BRDA:212,7,1,0
BRDA:245,8,0,0
BRDA:245,8,1,0
BRDA:292,9,0,0
BRDA:292,9,1,0
BRDA:300,10,0,0
BRDA:300,10,1,0
BRDA:302,11,0,0
BRDA:302,11,1,0
BRDA:330,12,0,0
BRDA:330,12,1,0
BRDA:330,13,0,0
BRDA:330,13,1,0
BRDA:330,13,2,0
BRF:29
BRH:0
end_of_record
TN:
SF:/Users/nicolas/Documents/PROJET/nativescript/DlearnHelsinki/src/components/teacherCompo/SelectClass.js
FN:6,(anonymous_0)
FNF:1
FNH:0
FNDA:0,(anonymous_0)
DA:8,0
LF:1
LH:0
BRF:0
BRH:0
end_of_record
TN:
SF:/Users/nicolas/Documents/PROJET/nativescript/DlearnHelsinki/src/components/teacherCompo/SurveyCreationForm.js
FN:7,(anonymous_0)
FN:11,(anonymous_1)
FNF:2
FNH:0
FNDA:0,(anonymous_0)
FNDA:0,(anonymous_1)
DA:8,0
DA:12,0
LF:2
LH:0
BRF:0
BRH:0
end_of_record
TN:
SF:/Users/nicolas/Documents/PROJET/nativescript/DlearnHelsinki/src/pages/ClassSelection.js
FN:12,(anonymous_0)
FN:28,(anonymous_1)
FN:28,(anonymous_2)
FN:37,(anonymous_3)
FN:47,(anonymous_4)
FN:51,(anonymous_5)
FN:56,(anonymous_6)
FNF:7
FNH:0
FNDA:0,(anonymous_0)
FNDA:0,(anonymous_1)
FNDA:0,(anonymous_2)
FNDA:0,(anonymous_3)
FNDA:0,(anonymous_4)
FNDA:0,(anonymous_5)
FNDA:0,(anonymous_6)
DA:5,1
DA:13,0
DA:28,0
DA:29,0
DA:31,0
DA:38,0
DA:48,0
DA:49,0
DA:50,0
DA:51,0
DA:52,0
DA:53,0
DA:56,0
DA:58,0
DA:61,0
LF:15
LH:1
BRF:0
BRH:0
end_of_record
TN:
SF:/Users/nicolas/Documents/PROJET/nativescript/DlearnHelsinki/src/pages/History.js
FN:22,(anonymous_0)
FN:40,(anonymous_1)
FN:47,(anonymous_2)
FN:55,(anonymous_3)
FN:72,(anonymous_4)
FN:82,(anonymous_5)
FN:84,(anonymous_6)
FN:94,(anonymous_7)
FN:102,(anonymous_8)
FN:108,(anonymous_9)
FN:118,(anonymous_10)
FN:129,(anonymous_11)
FN:152,(anonymous_12)
FNF:13
FNH:0
FNDA:0,(anonymous_0)
FNDA:0,(anonymous_1)
FNDA:0,(anonymous_2)
FNDA:0,(anonymous_3)
FNDA:0,(anonymous_4)
FNDA:0,(anonymous_5)
FNDA:0,(anonymous_6)
FNDA:0,(anonymous_7)
FNDA:0,(anonymous_8)
FNDA:0,(anonymous_9)
FNDA:0,(anonymous_10)
FNDA:0,(anonymous_11)
FNDA:0,(anonymous_12)
DA:13,1
DA:14,1
DA:17,1
DA:18,1
DA:19,1
DA:24,0
DA:25,0
DA:26,0
DA:27,0
DA:29,0
DA:41,0
DA:49,0
DA:50,0
DA:52,0
DA:54,0
DA:55,0
DA:56,0
DA:60,0
DA:63,0
DA:64,0
DA:73,0
DA:74,0
DA:76,0
DA:83,0
DA:84,0
DA:85,0
DA:86,0
DA:92,0
DA:96,0
DA:103,0
DA:109,0
DA:110,0
DA:111,0
DA:112,0
DA:114,0
DA:119,0
DA:120,0
DA:121,0
DA:122,0
DA:123,0
DA:126,0
DA:129,0
DA:130,0
DA:131,0
DA:132,0
DA:133,0
DA:134,0
DA:135,0
DA:136,0
DA:137,0
DA:143,0
DA:144,0
DA:148,0
DA:154,0
DA:155,0
DA:167,0
LF:56
LH:5
BRDA:49,0,0,0
BRDA:49,0,1,0
BRDA:56,1,0,0
BRDA:56,1,1,0
BRDA:56,2,0,0
BRDA:56,2,1,0
BRDA:56,2,2,0
BRDA:83,3,0,0
BRDA:83,3,1,0
BRDA:111,4,0,0
BRDA:111,4,1,0
BRDA:122,5,0,0
BRDA:122,5,1,0
BRDA:130,6,0,0
BRDA:130,6,1,0
BRDA:130,7,0,0
BRDA:130,7,1,0
BRDA:130,7,2,0
BRDA:133,8,0,0
BRDA:133,8,1,0
BRDA:133,9,0,0
BRDA:133,9,1,0
BRDA:133,9,2,0
BRDA:136,10,0,0
BRDA:136,10,1,0
BRDA:136,11,0,0
BRDA:136,11,1,0
BRDA:143,12,0,0
BRDA:143,12,1,0
BRDA:143,13,0,0
BRDA:143,13,1,0
BRDA:154,14,0,0
BRDA:154,14,1,0
BRF:33
BRH:0
end_of_record
TN:
SF:/Users/nicolas/Documents/PROJET/nativescript/DlearnHelsinki/src/pages/Home.js
FN:7,(anonymous_0)
FN:15,(anonymous_1)
FNF:2
FNH:2
FNDA:1,(anonymous_0)
FNDA:1,(anonymous_1)
DA:8,1
DA:9,1
DA:17,1
LF:3
LH:3
BRF:0
BRH:0
end_of_record
TN:
SF:/Users/nicolas/Documents/PROJET/nativescript/DlearnHelsinki/src/pages/Login.js
FN:6,mapStateToProps
FN:15,(anonymous_1)
FN:27,(anonymous_2)
FN:34,(anonymous_3)
FN:41,(anonymous_4)
FN:49,(anonymous_5)
FN:54,(anonymous_6)
FN:59,(anonymous_7)
FN:79,(anonymous_8)
FN:96,(anonymous_9)
FN:114,(anonymous_10)
FN:119,(anonymous_11)
FN:134,(anonymous_12)
FN:147,(anonymous_13)
FN:152,(anonymous_14)
FN:167,(anonymous_15)
FNF:16
FNH:0
FNDA:0,mapStateToProps
FNDA:0,(anonymous_1)
FNDA:0,(anonymous_2)
FNDA:0,(anonymous_3)
FNDA:0,(anonymous_4)
FNDA:0,(anonymous_5)
FNDA:0,(anonymous_6)
FNDA:0,(anonymous_7)
FNDA:0,(anonymous_8)
FNDA:0,(anonymous_9)
FNDA:0,(anonymous_10)
FNDA:0,(anonymous_11)
FNDA:0,(anonymous_12)
FNDA:0,(anonymous_13)
FNDA:0,(anonymous_14)
FNDA:0,(anonymous_15)
DA:7,0
DA:16,0
DA:17,0
DA:28,0
DA:35,0
DA:42,0
DA:50,0
DA:55,0
DA:60,0
DA:61,0
DA:63,0
DA:64,0
DA:66,0
DA:67,0
DA:69,0
DA:72,0
DA:80,0
DA:81,0
DA:82,0
DA:83,0
DA:84,0
DA:88,0
DA:89,0
DA:98,0
DA:99,0
DA:100,0
DA:101,0
DA:114,0
DA:119,0
DA:134,0
DA:139,0
DA:147,0
DA:152,0
DA:167,0
LF:34
LH:0
BRDA:61,0,0,0
BRDA:61,0,1,0
BRDA:61,0,2,0
BRDA:80,1,0,0
BRDA:80,1,1,0
BRDA:98,2,0,0
BRDA:98,2,1,0
BRDA:100,3,0,0
BRDA:100,3,1,0
BRF:9
BRH:0
end_of_record
TN:
SF:/Users/nicolas/Documents/PROJET/nativescript/DlearnHelsinki/src/pages/StudentDashboard.js
FN:21,(anonymous_0)
FN:30,(anonymous_1)
FN:65,(anonymous_2)
FN:71,(anonymous_3)
FN:78,(anonymous_4)
FN:86,(anonymous_5)
FN:88,(anonymous_6)
FN:99,(anonymous_7)
FN:106,(anonymous_8)
FN:113,(anonymous_9)
FN:143,(anonymous_10)
FN:150,(anonymous_11)
FN:171,(anonymous_12)
FN:203,(anonymous_13)
FN:230,(anonymous_14)
FNF:15
FNH:0
FNDA:0,(anonymous_0)
FNDA:0,(anonymous_1)
FNDA:0,(anonymous_2)
FNDA:0,(anonymous_3)
FNDA:0,(anonymous_4)
FNDA:0,(anonymous_5)
FNDA:0,(anonymous_6)
FNDA:0,(anonymous_7)
FNDA:0,(anonymous_8)
FNDA:0,(anonymous_9)
FNDA:0,(anonymous_10)
FNDA:0,(anonymous_11)
FNDA:0,(anonymous_12)
FNDA:0,(anonymous_13)
FNDA:0,(anonymous_14)
DA:12,1
DA:13,1
DA:15,1
DA:22,0
DA:23,0
DA:31,0
DA:33,0
DA:35,0
DA:36,0
DA:37,0
DA:38,0
DA:39,0
DA:43,0
DA:67,0
DA:73,0
DA:74,0
DA:80,0
DA:87,0
DA:88,0
DA:89,0
DA:90,0
DA:93,0
DA:94,0
DA:97,0
DA:101,0
DA:108,0
DA:110,0
DA:111,0
DA:113,0
DA:115,0
DA:117,0
DA:118,0
DA:119,0
DA:120,0
DA:123,0
DA:124,0
DA:125,0
DA:131,0
DA:132,0
DA:144,0
DA:146,0
DA:147,0
DA:148,0
DA:150,0
DA:152,0
DA:154,0
DA:155,0
DA:156,0
DA:157,0
DA:163,0
DA:173,0
DA:174,0
DA:187,0
DA:200,0
DA:205,0
DA:213,0
DA:214,0
DA:219,0
DA:234,0
LF:59
LH:3
BRDA:36,0,0,0
BRDA:36,0,1,0
BRDA:87,1,0,0
BRDA:87,1,1,0
BRDA:118,2,0,0
BRDA:118,2,1,0
BRDA:123,3,0,0
BRDA:123,3,1,0
BRDA:131,4,0,0
BRDA:131,4,1,0
BRDA:146,5,0,0
BRDA:146,5,1,0
BRDA:155,6,0,0
BRDA:155,6,1,0
BRDA:173,7,0,0
BRDA:173,7,1,0
BRDA:213,8,0,0
BRDA:213,8,1,0
BRF:18
BRH:0
end_of_record
TN:
SF:/Users/nicolas/Documents/PROJET/nativescript/DlearnHelsinki/src/pages/StudentSurveyQuestion.js
FN:13,(anonymous_0)
FN:48,(anonymous_1)
FN:52,(anonymous_2)
FN:62,(anonymous_3)
FN:64,(anonymous_4)
FN:65,(anonymous_5)
FN:90,(anonymous_6)
FN:96,(anonymous_7)
FN:105,(anonymous_8)
FN:111,(anonymous_9)
FN:119,(anonymous_10)
FN:125,(anonymous_11)
FN:160,(anonymous_12)
FNF:13
FNH:0
FNDA:0,(anonymous_0)
FNDA:0,(anonymous_1)
FNDA:0,(anonymous_2)
FNDA:0,(anonymous_3)
FNDA:0,(anonymous_4)
FNDA:0,(anonymous_5)
FNDA:0,(anonymous_6)
FNDA:0,(anonymous_7)
FNDA:0,(anonymous_8)
FNDA:0,(anonymous_9)
FNDA:0,(anonymous_10)
FNDA:0,(anonymous_11)
FNDA:0,(anonymous_12)
DA:7,1
DA:8,1
DA:9,1
DA:14,0
DA:16,0
DA:17,0
DA:18,0
DA:21,0
DA:41,0
DA:43,0
DA:44,0
DA:49,0
DA:53,0
DA:54,0
DA:56,0
DA:63,0
DA:64,0
DA:65,0
DA:66,0
DA:72,0
DA:76,0
DA:77,0
DA:79,0
DA:80,0
DA:88,0
DA:92,0
DA:97,0
DA:106,0
DA:107,0
DA:109,0
DA:113,0
DA:120,0
DA:127,0
DA:130,0
DA:133,0
DA:136,0
DA:137,0
DA:142,0
DA:144,0
DA:156,0
DA:162,0
DA:163,0
DA:164,0
DA:172,0
LF:44
LH:3
BRDA:17,0,0,0
BRDA:17,0,1,0
BRDA:63,1,0,0
BRDA:63,1,1,0
BRDA:79,2,0,0
BRDA:79,2,1,0
BRDA:106,3,0,0
BRDA:106,3,1,0
BRDA:127,4,0,0
BRDA:127,4,1,0
BRDA:142,5,0,0
BRDA:142,5,1,0
BRDA:162,6,0,0
BRDA:162,6,1,0
BRF:14
BRH:0
end_of_record
TN:
SF:/Users/nicolas/Documents/PROJET/nativescript/DlearnHelsinki/src/pages/TeacherDashboard.js
FN:13,(anonymous_0)
FN:21,(anonymous_1)
FNF:2
FNH:0
FNDA:0,(anonymous_0)
FNDA:0,(anonymous_1)
DA:14,0
DA:15,0
DA:23,0
DA:24,0
DA:25,0
DA:28,0
LF:6
LH:0
BRDA:23,0,0,0
BRDA:23,0,1,0
BRF:2
BRH:0
end_of_record
TN:
SF:/Users/nicolas/Documents/PROJET/nativescript/DlearnHelsinki/src/pages/TeacherGroupManagement.js
FN:21,(anonymous_0)
FN:31,(anonymous_1)
FN:41,(anonymous_2)
FN:49,(anonymous_3)
FN:51,(anonymous_4)
FN:59,(anonymous_5)
FN:65,(anonymous_6)
FN:70,(anonymous_7)
FN:74,(anonymous_8)
FN:84,(anonymous_9)
FNF:10
FNH:0
FNDA:0,(anonymous_0)
FNDA:0,(anonymous_1)
FNDA:0,(anonymous_2)
FNDA:0,(anonymous_3)
FNDA:0,(anonymous_4)
FNDA:0,(anonymous_5)
FNDA:0,(anonymous_6)
FNDA:0,(anonymous_7)
FNDA:0,(anonymous_8)
FNDA:0,(anonymous_9)
DA:13,1
DA:14,1
DA:15,1
DA:22,0
DA:23,0
DA:24,0
DA:25,0
DA:32,0
DA:36,0
DA:38,0
DA:42,0
DA:43,0
DA:50,0
DA:51,0
DA:52,0
DA:53,0
DA:57,0
DA:61,0
DA:66,0
DA:67,0
DA:71,0
DA:73,0
DA:74,0
DA:75,0
DA:79,0
DA:85,0
LF:26
LH:3
BRDA:50,0,0,0
BRDA:50,0,1,0
BRF:2
BRH:0
end_of_record
TN:
SF:/Users/nicolas/Documents/PROJET/nativescript/DlearnHelsinki/src/reducers/classReducer.js
FN:1,reducer
FN:15,(anonymous_1)
FN:26,(anonymous_2)
FNF:3
FNH:0
FNDA:0,reducer
FNDA:0,(anonymous_1)
FNDA:0,(anonymous_2)
DA:1,0
DA:5,0
DA:7,0
DA:13,0
DA:14,0
DA:15,0
DA:16,0
DA:18,0
DA:24,0
DA:26,0
DA:31,0
LF:11
LH:0
BRDA:1,0,0,0
BRDA:5,1,0,0
BRDA:5,1,1,0
BRDA:5,1,2,0
BRF:4
BRH:0
end_of_record
TN:
SF:/Users/nicolas/Documents/PROJET/nativescript/DlearnHelsinki/src/reducers/groupReducer.js
FN:1,reducer
FN:15,(anonymous_1)
FN:26,(anonymous_2)
FNF:3
FNH:0
FNDA:0,reducer
FNDA:0,(anonymous_1)
FNDA:0,(anonymous_2)
DA:1,0
DA:5,0
DA:7,0
DA:13,0
DA:14,0
DA:15,0
DA:16,0
DA:18,0
DA:24,0
DA:26,0
DA:31,0
LF:11
LH:0
BRDA:1,0,0,0
BRDA:5,1,0,0
BRDA:5,1,1,0
BRDA:5,1,2,0
BRF:4
BRH:0
end_of_record
TN:
SF:/Users/nicolas/Documents/PROJET/nativescript/DlearnHelsinki/src/reducers/index.js
FN:7,_interopRequireDefault
FNF:1
FNH:0
FNDA:0,_interopRequireDefault
DA:1,0
DA:3,0
DA:4,0
DA:5,0
DA:6,0
DA:7,0
LF:6
LH:0
BRDA:7,0,0,0
BRDA:7,0,1,0
BRDA:7,1,0,0
BRDA:7,1,1,0
BRF:4
BRH:0
end_of_record
TN:
SF:/Users/nicolas/Documents/PROJET/nativescript/DlearnHelsinki/src/reducers/settingsReducer.js
FN:1,reducer
FNF:1
FNH:0
FNDA:0,reducer
DA:1,0
DA:5,0
DA:7,0
DA:14,0
LF:4
LH:0
BRDA:1,0,0,0
BRDA:5,1,0,0
BRF:2
BRH:0
end_of_record
TN:
SF:/Users/nicolas/Documents/PROJET/nativescript/DlearnHelsinki/src/reducers/studentReducer.js
FN:1,reducer
FN:15,(anonymous_1)
FN:26,(anonymous_2)
FNF:3
FNH:0
FNDA:0,reducer
FNDA:0,(anonymous_1)
FNDA:0,(anonymous_2)
DA:1,0
DA:5,0
DA:7,0
DA:13,0
DA:14,0
DA:15,0
DA:16,0
DA:18,0
DA:24,0
DA:26,0
DA:31,0
LF:11
LH:0
BRDA:1,0,0,0
BRDA:5,1,0,0
BRDA:5,1,1,0
BRDA:5,1,2,0
BRF:4
BRH:0
end_of_record
TN:
SF:/Users/nicolas/Documents/PROJET/nativescript/DlearnHelsinki/src/reducers/userReducer.js
FN:1,reducer
FNF:1
FNH:0
FNDA:0,reducer
DA:1,0
DA:18,0
DA:20,0
DA:23,0
DA:26,0
DA:34,0
DA:40,0
DA:46,0
DA:52,0
DA:58,0
DA:65,0
LF:11
LH:0
BRDA:1,0,0,0
BRDA:18,1,0,0
BRDA:18,1,1,0
BRDA:18,1,2,0
BRDA:18,1,3,0
BRDA:18,1,4,0
BRDA:18,1,5,0
BRDA:18,1,6,0
BRDA:18,1,7,0
BRF:9
BRH:0
end_of_record
